TN:
SF:client/src/apps/player/core/BaseBo.js
FN:1,(anonymous_0)
FN:13,(anonymous_1)
FN:21,(anonymous_2)
FN:35,(anonymous_3)
FN:46,(anonymous_4)
FN:57,(anonymous_5)
FN:68,(anonymous_6)
FN:79,(anonymous_7)
FN:92,(anonymous_8)
FN:102,(anonymous_9)
FN:118,(anonymous_10)
FN:133,(anonymous_11)
FN:163,(anonymous_12)
FN:175,(anonymous_13)
FNF:14
FNH:1
FNDA:1,(anonymous_0)
FNDA:0,(anonymous_1)
FNDA:0,(anonymous_2)
FNDA:0,(anonymous_3)
FNDA:0,(anonymous_4)
FNDA:0,(anonymous_5)
FNDA:0,(anonymous_6)
FNDA:0,(anonymous_7)
FNDA:0,(anonymous_8)
FNDA:0,(anonymous_9)
FNDA:0,(anonymous_10)
FNDA:0,(anonymous_11)
FNDA:0,(anonymous_12)
FNDA:0,(anonymous_13)
DA:1,1
DA:3,1
DA:13,1
DA:14,0
DA:21,1
DA:22,0
DA:35,1
DA:36,0
DA:46,1
DA:47,0
DA:57,1
DA:58,0
DA:68,1
DA:69,0
DA:80,0
DA:92,1
DA:93,0
DA:102,1
DA:103,0
DA:119,0
DA:133,1
DA:134,0
DA:163,1
DA:164,0
DA:175,1
DA:176,0
DA:178,1
LF:27
LH:14
BRF:0
BRH:0
end_of_record
TN:
SF:client/src/apps/player/core/BundleManager.js
FN:1,(anonymous_0)
FN:16,getResource
FN:27,_getBundle
FN:31,_targetBoNotMatched
FN:35,getNativeOverlay
FN:36,(anonymous_5)
FN:48,getBundle
FN:71,_getOverlay
FN:75,_getView
FN:96,(anonymous_9)
FN:107,(anonymous_10)
FN:123,registerBundle
FN:138,checkProperty
FN:144,isBundleExist
FN:148,isViewExist
FN:153,isBoLibraryExist
FN:157,getBundleInfo
FN:161,getI18N
FN:168,getUdf
FN:191,getPermission
FN:198,getTable
FN:205,preloadBoLibrary
FN:211,(anonymous_22)
FN:222,(anonymous_23)
FN:227,loadAppMeta
FN:243,registerContentApps
FN:258,registerModuleLocation
FNF:27
FNH:1
FNDA:1,(anonymous_0)
FNDA:0,getResource
FNDA:0,_getBundle
FNDA:0,_targetBoNotMatched
FNDA:0,getNativeOverlay
FNDA:0,(anonymous_5)
FNDA:0,getBundle
FNDA:0,_getOverlay
FNDA:0,_getView
FNDA:0,(anonymous_9)
FNDA:0,(anonymous_10)
FNDA:0,registerBundle
FNDA:0,checkProperty
FNDA:0,isBundleExist
FNDA:0,isViewExist
FNDA:0,isBoLibraryExist
FNDA:0,getBundleInfo
FNDA:0,getI18N
FNDA:0,getUdf
FNDA:0,getPermission
FNDA:0,getTable
FNDA:0,preloadBoLibrary
FNDA:0,(anonymous_22)
FNDA:0,(anonymous_23)
FNDA:0,loadAppMeta
FNDA:0,registerContentApps
FNDA:0,registerModuleLocation
DA:1,1
DA:5,1
DA:8,1
DA:10,1
DA:11,1
DA:14,1
DA:17,0
DA:18,0
DA:20,0
DA:28,0
DA:32,0
DA:36,0
DA:37,0
DA:38,0
DA:40,0
DA:42,0
DA:44,0
DA:45,0
DA:49,0
DA:50,0
DA:51,0
DA:52,0
DA:53,0
DA:54,0
DA:55,0
DA:56,0
DA:57,0
DA:58,0
DA:59,0
DA:60,0
DA:62,0
DA:68,0
DA:72,0
DA:76,0
DA:77,0
DA:79,0
DA:80,0
DA:81,0
DA:92,0
DA:95,0
DA:97,0
DA:98,0
DA:99,0
DA:101,0
DA:102,0
DA:108,0
DA:124,0
DA:126,0
DA:127,0
DA:128,0
DA:129,0
DA:130,0
DA:131,0
DA:132,0
DA:134,0
DA:139,0
DA:140,0
DA:145,0
DA:149,0
DA:150,0
DA:154,0
DA:158,0
DA:162,0
DA:163,0
DA:164,0
DA:165,0
DA:169,0
DA:170,0
DA:171,0
DA:172,0
DA:173,0
DA:174,0
DA:175,0
DA:176,0
DA:177,0
DA:178,0
DA:180,0
DA:181,0
DA:182,0
DA:188,0
DA:192,0
DA:193,0
DA:194,0
DA:195,0
DA:199,0
DA:200,0
DA:201,0
DA:202,0
DA:206,0
DA:207,0
DA:208,0
DA:209,0
DA:210,0
DA:211,0
DA:212,0
DA:213,0
DA:216,0
DA:217,0
DA:218,0
DA:222,0
DA:224,0
DA:228,0
DA:229,0
DA:230,0
DA:231,0
DA:244,0
DA:245,0
DA:246,0
DA:247,0
DA:249,0
DA:250,0
DA:259,0
DA:260,0
DA:261,0
DA:264,1
DA:282,1
LF:116
LH:8
BRDA:17,0,0,0
BRDA:17,0,1,0
BRDA:18,1,0,0
BRDA:18,1,1,0
BRDA:28,2,0,0
BRDA:28,2,1,0
BRDA:32,3,0,0
BRDA:32,3,1,0
BRDA:32,3,2,0
BRDA:36,4,0,0
BRDA:36,4,1,0
BRDA:38,5,0,0
BRDA:38,5,1,0
BRDA:40,6,0,0
BRDA:40,6,1,0
BRDA:40,7,0,0
BRDA:40,7,1,0
BRDA:44,8,0,0
BRDA:44,8,1,0
BRDA:49,9,0,0
BRDA:49,9,1,0
BRDA:50,10,0,0
BRDA:50,10,1,0
BRDA:52,11,0,0
BRDA:52,11,1,0
BRDA:53,12,0,0
BRDA:53,12,1,0
BRDA:55,13,0,0
BRDA:55,13,1,0
BRDA:56,14,0,0
BRDA:56,14,1,0
BRDA:58,15,0,0
BRDA:58,15,1,0
BRDA:59,16,0,0
BRDA:59,16,1,0
BRDA:68,17,0,0
BRDA:68,17,1,0
BRDA:79,18,0,0
BRDA:79,18,1,0
BRDA:80,19,0,0
BRDA:80,19,1,0
BRDA:98,20,0,0
BRDA:98,20,1,0
BRDA:128,21,0,0
BRDA:128,21,1,0
BRDA:129,22,0,0
BRDA:129,22,1,0
BRDA:130,23,0,0
BRDA:130,23,1,0
BRDA:131,24,0,0
BRDA:131,24,1,0
BRDA:139,25,0,0
BRDA:139,25,1,0
BRDA:145,26,0,0
BRDA:145,26,1,0
BRDA:149,27,0,0
BRDA:149,27,1,0
BRDA:150,28,0,0
BRDA:150,28,1,0
BRDA:158,29,0,0
BRDA:158,29,1,0
BRDA:162,30,0,0
BRDA:162,30,1,0
BRDA:164,31,0,0
BRDA:164,31,1,0
BRDA:164,32,0,0
BRDA:164,32,1,0
BRDA:169,33,0,0
BRDA:169,33,1,0
BRDA:171,34,0,0
BRDA:171,34,1,0
BRDA:171,35,0,0
BRDA:171,35,1,0
BRDA:172,36,0,0
BRDA:172,36,1,0
BRDA:174,37,0,0
BRDA:174,37,1,0
BRDA:176,38,0,0
BRDA:176,38,1,0
BRDA:177,39,0,0
BRDA:177,39,1,0
BRDA:181,40,0,0
BRDA:181,40,1,0
BRDA:192,41,0,0
BRDA:192,41,1,0
BRDA:194,42,0,0
BRDA:194,42,1,0
BRDA:194,43,0,0
BRDA:194,43,1,0
BRDA:195,44,0,0
BRDA:195,44,1,0
BRDA:195,45,0,0
BRDA:195,45,1,0
BRDA:199,46,0,0
BRDA:199,46,1,0
BRDA:201,47,0,0
BRDA:201,47,1,0
BRDA:201,48,0,0
BRDA:201,48,1,0
BRDA:202,49,0,0
BRDA:202,49,1,0
BRDA:202,50,0,0
BRDA:202,50,1,0
BRDA:206,51,0,0
BRDA:206,51,1,0
BRDA:209,52,0,0
BRDA:209,52,1,0
BRDA:210,53,0,0
BRDA:210,53,1,0
BRDA:210,54,0,0
BRDA:210,54,1,0
BRDA:216,55,0,0
BRDA:216,55,1,0
BRDA:230,56,0,0
BRDA:230,56,1,0
BRDA:246,57,0,0
BRDA:246,57,1,0
BRF:117
BRH:0
end_of_record
TN:
SF:client/src/apps/player/core/ControlMapping.js
FN:2,(anonymous_0)
FN:668,parseControl
FN:698,mergeObject
FN:747,findControl
FN:749,(anonymous_4)
FN:752,(anonymous_5)
FN:788,getControl
FN:792,getViewControl
FN:796,getElementType
FN:808,(anonymous_9)
FN:831,getViewController
FN:835,getTemplateTypeByPath
FN:839,(anonymous_12)
FN:851,hasNamespace
FN:857,removeNamespace
FN:861,addWrapperToCtrls
FN:869,updateDefaultCtrls
FN:908,createCtrlCache
FNF:18
FNH:5
FNDA:1,(anonymous_0)
FNDA:0,parseControl
FNDA:4858,mergeObject
FNDA:0,findControl
FNDA:0,(anonymous_4)
FNDA:0,(anonymous_5)
FNDA:0,getControl
FNDA:0,getViewControl
FNDA:0,getElementType
FNDA:0,(anonymous_9)
FNDA:0,getViewController
FNDA:0,getTemplateTypeByPath
FNDA:0,(anonymous_12)
FNDA:0,hasNamespace
FNDA:0,removeNamespace
FNDA:9,addWrapperToCtrls
FNDA:42,updateDefaultCtrls
FNDA:1,createCtrlCache
DA:2,1
DA:5,1
DA:20,1
DA:21,1
DA:22,1
DA:111,1
DA:199,1
DA:614,1
DA:647,1
DA:654,1
DA:669,0
DA:670,0
DA:671,0
DA:673,0
DA:674,0
DA:675,0
DA:676,0
DA:677,0
DA:678,0
DA:679,0
DA:680,0
DA:684,0
DA:688,0
DA:689,0
DA:690,0
DA:691,0
DA:694,0
DA:699,4858
DA:700,0
DA:703,4858
DA:704,0
DA:708,4858
DA:709,4858
DA:710,4858
DA:711,4858
DA:713,4858
DA:714,4858
DA:715,10719
DA:716,1
DA:719,10718
DA:720,10718
DA:721,9444
DA:722,9444
DA:725,9444
DA:726,0
DA:728,9444
DA:730,4601
DA:733,4843
DA:736,1274
DA:737,571
DA:738,703
DA:739,703
DA:744,4858
DA:749,0
DA:750,0
DA:751,0
DA:752,0
DA:754,0
DA:755,0
DA:758,0
DA:759,0
DA:760,0
DA:761,0
DA:762,0
DA:764,0
DA:768,0
DA:771,0
DA:772,0
DA:774,0
DA:775,0
DA:778,0
DA:781,0
DA:789,0
DA:793,0
DA:797,0
DA:798,0
DA:800,0
DA:803,0
DA:804,0
DA:805,0
DA:807,0
DA:808,0
DA:809,0
DA:810,0
DA:811,0
DA:813,0
DA:814,0
DA:815,0
DA:816,0
DA:819,0
DA:823,0
DA:828,0
DA:832,0
DA:836,0
DA:838,0
DA:839,0
DA:840,0
DA:841,0
DA:844,0
DA:848,0
DA:852,0
DA:853,0
DA:855,0
DA:858,0
DA:862,9
DA:863,9
DA:864,586
DA:866,9
DA:870,42
DA:872,42
DA:875,42
DA:877,42
DA:878,6
DA:881,42
DA:882,9
DA:883,9
DA:886,42
DA:887,79
DA:888,64
DA:889,39
DA:890,39
DA:892,25
DA:897,42
DA:903,42
DA:909,1
DA:910,1
DA:912,1
DA:914,1
DA:915,1
DA:917,1
DA:918,1
DA:920,1
DA:921,1
DA:924,1
DA:926,1
LF:135
LH:64
BRDA:669,0,0,0
BRDA:669,0,1,0
BRDA:670,1,0,0
BRDA:670,1,1,0
BRDA:674,2,0,0
BRDA:674,2,1,0
BRDA:675,3,0,0
BRDA:675,3,1,0
BRDA:677,4,0,0
BRDA:677,4,1,0
BRDA:679,5,0,0
BRDA:679,5,1,0
BRDA:689,6,0,0
BRDA:689,6,1,0
BRDA:690,7,0,0
BRDA:690,7,1,0
BRDA:690,8,0,0
BRDA:690,8,1,0
BRDA:699,9,0,0
BRDA:699,9,1,4858
BRDA:699,10,0,4858
BRDA:699,10,1,4858
BRDA:699,10,2,4858
BRDA:703,11,0,0
BRDA:703,11,1,4858
BRDA:703,12,0,4858
BRDA:703,12,1,4858
BRDA:715,13,0,1
BRDA:715,13,1,10718
BRDA:720,14,0,9444
BRDA:720,14,1,1274
BRDA:720,15,0,10718
BRDA:720,15,1,10015
BRDA:720,15,2,637
BRDA:721,16,0,9378
BRDA:721,16,1,66
BRDA:725,17,0,0
BRDA:725,17,1,9444
BRDA:726,18,0,0
BRDA:726,18,1,0
BRDA:728,19,0,4601
BRDA:728,19,1,4843
BRDA:730,20,0,4601
BRDA:730,20,1,0
BRDA:733,21,0,4777
BRDA:733,21,1,66
BRDA:736,22,0,571
BRDA:736,22,1,703
BRDA:738,23,0,703
BRDA:738,23,1,0
BRDA:738,24,0,703
BRDA:738,24,1,0
BRDA:739,25,0,703
BRDA:739,25,1,0
BRDA:754,26,0,0
BRDA:754,26,1,0
BRDA:758,27,0,0
BRDA:758,27,1,0
BRDA:759,28,0,0
BRDA:759,28,1,0
BRDA:760,29,0,0
BRDA:760,29,1,0
BRDA:771,30,0,0
BRDA:771,30,1,0
BRDA:774,31,0,0
BRDA:774,31,1,0
BRDA:778,32,0,0
BRDA:778,32,1,0
BRDA:781,33,0,0
BRDA:781,33,1,0
BRDA:783,34,0,0
BRDA:783,34,1,0
BRDA:797,35,0,0
BRDA:797,35,1,0
BRDA:803,36,0,0
BRDA:803,36,1,0
BRDA:804,37,0,0
BRDA:804,37,1,0
BRDA:809,38,0,0
BRDA:809,38,1,0
BRDA:811,39,0,0
BRDA:811,39,1,0
BRDA:813,40,0,0
BRDA:813,40,1,0
BRDA:815,41,0,0
BRDA:815,41,1,0
BRDA:832,42,0,0
BRDA:832,42,1,0
BRDA:838,43,0,0
BRDA:838,43,1,0
BRDA:840,44,0,0
BRDA:840,44,1,0
BRDA:852,45,0,0
BRDA:852,45,1,0
BRDA:877,46,0,6
BRDA:877,46,1,36
BRDA:881,47,0,9
BRDA:881,47,1,33
BRDA:887,48,0,64
BRDA:887,48,1,15
BRDA:887,49,0,79
BRDA:887,49,1,73
BRDA:888,50,0,39
BRDA:888,50,1,25
BRF:104
BRH:37
end_of_record
TN:
SF:client/src/apps/player/core/ControllerManager.js
FN:3,(anonymous_0)
FN:8,getController
FN:11,(anonymous_2)
FN:12,(anonymous_3)
FN:14,(anonymous_4)
FN:17,(anonymous_5)
FNF:6
FNH:1
FNDA:1,(anonymous_0)
FNDA:0,getController
FNDA:0,(anonymous_2)
FNDA:0,(anonymous_3)
FNDA:0,(anonymous_4)
FNDA:0,(anonymous_5)
DA:1,1
DA:6,1
DA:9,0
DA:10,0
DA:11,0
DA:12,0
DA:13,0
DA:15,0
DA:17,0
DA:20,0
DA:23,1
DA:27,1
LF:12
LH:4
BRDA:9,0,0,0
BRDA:9,0,1,0
BRDA:10,1,0,0
BRDA:10,1,1,0
BRDA:10,2,0,0
BRDA:10,2,1,0
BRDA:20,3,0,0
BRDA:20,3,1,0
BRF:8
BRH:0
end_of_record
TN:
SF:client/src/apps/player/core/ExpressionParser2.js
FN:65,(anonymous_0)
FN:68,_getValueFromOData
FN:139,_getValueByAttribute
FN:155,(anonymous_3)
FN:170,(anonymous_4)
FN:263,(anonymous_5)
FN:304,(anonymous_6)
FN:321,(anonymous_7)
FN:341,(anonymous_8)
FN:342,(anonymous_9)
FN:415,(anonymous_10)
FN:418,(anonymous_11)
FN:421,(anonymous_12)
FN:424,(anonymous_13)
FN:427,(anonymous_14)
FN:437,(anonymous_15)
FN:454,(anonymous_16)
FN:480,(anonymous_17)
FN:516,(anonymous_18)
FNF:19
FNH:1
FNDA:1,(anonymous_0)
FNDA:0,_getValueFromOData
FNDA:0,_getValueByAttribute
FNDA:0,(anonymous_3)
FNDA:0,(anonymous_4)
FNDA:0,(anonymous_5)
FNDA:0,(anonymous_6)
FNDA:0,(anonymous_7)
FNDA:0,(anonymous_8)
FNDA:0,(anonymous_9)
FNDA:0,(anonymous_10)
FNDA:0,(anonymous_11)
FNDA:0,(anonymous_12)
FNDA:0,(anonymous_13)
FNDA:0,(anonymous_14)
FNDA:0,(anonymous_15)
FNDA:0,(anonymous_16)
FNDA:0,(anonymous_17)
FNDA:0,(anonymous_18)
DA:63,1
DA:69,0
DA:70,0
DA:72,0
DA:73,0
DA:75,0
DA:77,0
DA:78,0
DA:80,0
DA:81,0
DA:83,0
DA:84,0
DA:86,0
DA:88,0
DA:89,0
DA:92,0
DA:93,0
DA:94,0
DA:95,0
DA:96,0
DA:97,0
DA:98,0
DA:99,0
DA:101,0
DA:114,0
DA:115,0
DA:118,0
DA:119,0
DA:122,0
DA:124,0
DA:126,0
DA:129,0
DA:131,0
DA:133,0
DA:135,0
DA:140,0
DA:141,0
DA:144,0
DA:145,0
DA:146,0
DA:147,0
DA:150,0
DA:153,1
DA:156,0
DA:158,0
DA:159,0
DA:160,0
DA:161,0
DA:164,0
DA:165,0
DA:167,0
DA:171,0
DA:172,0
DA:175,0
DA:176,0
DA:179,0
DA:180,0
DA:182,0
DA:183,0
DA:184,0
DA:185,0
DA:187,0
DA:188,0
DA:189,0
DA:192,0
DA:194,0
DA:195,0
DA:196,0
DA:197,0
DA:201,0
DA:204,0
DA:206,0
DA:207,0
DA:208,0
DA:210,0
DA:211,0
DA:212,0
DA:213,0
DA:214,0
DA:219,0
DA:220,0
DA:221,0
DA:222,0
DA:226,0
DA:227,0
DA:228,0
DA:229,0
DA:230,0
DA:231,0
DA:232,0
DA:233,0
DA:234,0
DA:235,0
DA:236,0
DA:237,0
DA:238,0
DA:243,0
DA:244,0
DA:245,0
DA:246,0
DA:247,0
DA:248,0
DA:249,0
DA:250,0
DA:252,0
DA:253,0
DA:254,0
DA:260,0
DA:264,0
DA:265,0
DA:266,0
DA:268,0
DA:269,0
DA:270,0
DA:271,0
DA:272,0
DA:274,0
DA:276,0
DA:277,0
DA:278,0
DA:279,0
DA:280,0
DA:281,0
DA:282,0
DA:287,0
DA:288,0
DA:289,0
DA:290,0
DA:293,0
DA:294,0
DA:295,0
DA:297,0
DA:301,0
DA:304,0
DA:305,0
DA:306,0
DA:308,0
DA:309,0
DA:311,0
DA:312,0
DA:314,0
DA:315,0
DA:318,0
DA:322,0
DA:323,0
DA:324,0
DA:326,0
DA:327,0
DA:328,0
DA:330,0
DA:333,0
DA:337,0
DA:342,0
DA:343,0
DA:344,0
DA:345,0
DA:347,0
DA:350,0
DA:351,0
DA:352,0
DA:353,0
DA:354,0
DA:355,0
DA:356,0
DA:357,0
DA:358,0
DA:359,0
DA:360,0
DA:362,0
DA:363,0
DA:364,0
DA:365,0
DA:367,0
DA:368,0
DA:369,0
DA:370,0
DA:372,0
DA:373,0
DA:374,0
DA:375,0
DA:377,0
DA:378,0
DA:379,0
DA:381,0
DA:382,0
DA:383,0
DA:384,0
DA:385,0
DA:387,0
DA:388,0
DA:389,0
DA:394,0
DA:395,0
DA:396,0
DA:397,0
DA:398,0
DA:399,0
DA:401,0
DA:402,0
DA:405,0
DA:407,0
DA:409,0
DA:412,0
DA:416,0
DA:419,0
DA:422,0
DA:425,0
DA:428,0
DA:429,0
DA:430,0
DA:433,0
DA:438,0
DA:439,0
DA:440,0
DA:441,0
DA:443,0
DA:444,0
DA:446,0
DA:447,0
DA:451,0
DA:461,0
DA:463,0
DA:464,0
DA:465,0
DA:466,0
DA:467,0
DA:468,0
DA:469,0
DA:470,0
DA:471,0
DA:473,0
DA:477,0
DA:481,0
DA:482,0
DA:483,0
DA:484,0
DA:485,0
DA:486,0
DA:487,0
DA:488,0
DA:489,0
DA:492,0
DA:496,0
DA:497,0
DA:500,0
DA:503,0
DA:504,0
DA:505,0
DA:506,0
DA:508,0
DA:509,0
DA:510,0
DA:512,0
DA:517,0
DA:518,0
DA:522,0
DA:524,0
DA:529,1
LF:258
LH:3
BRDA:70,0,0,0
BRDA:70,0,1,0
BRDA:70,1,0,0
BRDA:70,1,1,0
BRDA:70,1,2,0
BRDA:70,1,3,0
BRDA:73,2,0,0
BRDA:73,2,1,0
BRDA:78,3,0,0
BRDA:78,3,1,0
BRDA:88,4,0,0
BRDA:88,4,1,0
BRDA:96,5,0,0
BRDA:96,5,1,0
BRDA:98,6,0,0
BRDA:98,6,1,0
BRDA:99,7,0,0
BRDA:99,7,1,0
BRDA:101,8,0,0
BRDA:101,8,1,0
BRDA:114,9,0,0
BRDA:114,9,1,0
BRDA:118,10,0,0
BRDA:118,10,1,0
BRDA:122,11,0,0
BRDA:122,11,1,0
BRDA:122,12,0,0
BRDA:122,12,1,0
BRDA:126,13,0,0
BRDA:131,14,0,0
BRDA:131,14,1,0
BRDA:131,15,0,0
BRDA:131,15,1,0
BRDA:131,15,2,0
BRDA:131,15,3,0
BRDA:140,16,0,0
BRDA:140,16,1,0
BRDA:140,17,0,0
BRDA:140,17,1,0
BRDA:158,18,0,0
BRDA:158,18,1,0
BRDA:160,19,0,0
BRDA:160,19,1,0
BRDA:160,20,0,0
BRDA:160,20,1,0
BRDA:171,21,0,0
BRDA:171,21,1,0
BRDA:175,22,0,0
BRDA:175,22,1,0
BRDA:182,23,0,0
BRDA:182,23,1,0
BRDA:185,24,0,0
BRDA:185,24,1,0
BRDA:187,25,0,0
BRDA:187,25,1,0
BRDA:192,26,0,0
BRDA:192,26,1,0
BRDA:194,27,0,0
BRDA:194,27,1,0
BRDA:196,28,0,0
BRDA:196,28,1,0
BRDA:208,29,0,0
BRDA:208,29,1,0
BRDA:208,30,0,0
BRDA:208,30,1,0
BRDA:215,31,0,0
BRDA:215,31,1,0
BRDA:221,32,0,0
BRDA:221,32,1,0
BRDA:226,33,0,0
BRDA:226,33,1,0
BRDA:231,34,0,0
BRDA:231,34,1,0
BRDA:234,35,0,0
BRDA:234,35,1,0
BRDA:245,36,0,0
BRDA:245,36,1,0
BRDA:249,37,0,0
BRDA:249,37,1,0
BRDA:266,38,0,0
BRDA:266,38,1,0
BRDA:266,39,0,0
BRDA:266,39,1,0
BRDA:266,39,2,0
BRDA:266,39,3,0
BRDA:268,40,0,0
BRDA:268,40,1,0
BRDA:271,41,0,0
BRDA:271,41,1,0
BRDA:274,42,0,0
BRDA:274,42,1,0
BRDA:274,42,2,0
BRDA:280,43,0,0
BRDA:280,43,1,0
BRDA:281,44,0,0
BRDA:281,44,1,0
BRDA:289,45,0,0
BRDA:289,45,1,0
BRDA:293,46,0,0
BRDA:293,46,1,0
BRDA:293,47,0,0
BRDA:293,47,1,0
BRDA:305,48,0,0
BRDA:305,48,1,0
BRDA:308,49,0,0
BRDA:308,49,1,0
BRDA:311,50,0,0
BRDA:311,50,1,0
BRDA:314,51,0,0
BRDA:314,51,1,0
BRDA:324,52,0,0
BRDA:324,52,1,0
BRDA:324,53,0,0
BRDA:324,53,1,0
BRDA:324,53,2,0
BRDA:324,53,3,0
BRDA:326,54,0,0
BRDA:326,54,1,0
BRDA:327,55,0,0
BRDA:327,55,1,0
BRDA:343,56,0,0
BRDA:343,56,1,0
BRDA:344,57,0,0
BRDA:344,57,1,0
BRDA:345,58,0,0
BRDA:345,58,1,0
BRDA:345,59,0,0
BRDA:345,59,1,0
BRDA:345,59,2,0
BRDA:345,59,3,0
BRDA:350,60,0,0
BRDA:350,60,1,0
BRDA:351,61,0,0
BRDA:351,61,1,0
BRDA:352,62,0,0
BRDA:352,62,1,0
BRDA:353,63,0,0
BRDA:353,63,1,0
BRDA:354,64,0,0
BRDA:354,64,1,0
BRDA:356,65,0,0
BRDA:356,65,1,0
BRDA:358,66,0,0
BRDA:358,66,1,0
BRDA:363,67,0,0
BRDA:363,67,1,0
BRDA:368,68,0,0
BRDA:368,68,1,0
BRDA:373,69,0,0
BRDA:373,69,1,0
BRDA:378,70,0,0
BRDA:378,70,1,0
BRDA:381,71,0,0
BRDA:381,71,1,0
BRDA:384,72,0,0
BRDA:384,72,1,0
BRDA:388,73,0,0
BRDA:388,73,1,0
BRDA:388,74,0,0
BRDA:388,74,1,0
BRDA:395,75,0,0
BRDA:395,75,1,0
BRDA:396,76,0,0
BRDA:396,76,1,0
BRDA:396,77,0,0
BRDA:396,77,1,0
BRDA:398,78,0,0
BRDA:398,78,1,0
BRDA:401,79,0,0
BRDA:401,79,1,0
BRDA:425,80,0,0
BRDA:425,80,1,0
BRDA:425,80,2,0
BRDA:429,81,0,0
BRDA:429,81,1,0
BRDA:443,82,0,0
BRDA:443,82,1,0
BRDA:446,83,0,0
BRDA:446,83,1,0
BRDA:464,84,0,0
BRDA:464,84,1,0
BRDA:468,85,0,0
BRDA:468,85,1,0
BRDA:486,86,0,0
BRDA:486,86,1,0
BRDA:488,87,0,0
BRDA:488,87,1,0
BRDA:492,88,0,0
BRDA:492,88,1,0
BRDA:492,89,0,0
BRDA:492,89,1,0
BRDA:492,89,2,0
BRDA:492,89,3,0
BRDA:492,89,4,0
BRDA:492,89,5,0
BRDA:518,90,0,0
BRDA:518,90,1,0
BRDA:518,91,0,0
BRDA:518,91,1,0
BRDA:518,91,2,0
BRDA:518,91,3,0
BRF:201
BRH:0
end_of_record
TN:
SF:client/src/apps/player/core/FilterUtil.js
FN:6,(anonymous_0)
FN:10,(anonymous_1)
FN:41,(anonymous_2)
FN:55,(anonymous_3)
FN:111,(anonymous_4)
FN:154,(anonymous_5)
FN:171,(anonymous_6)
FN:208,(anonymous_7)
FN:262,(anonymous_8)
FN:291,(anonymous_9)
FN:307,(anonymous_10)
FN:361,(anonymous_11)
FN:378,(anonymous_12)
FN:400,(anonymous_13)
FN:427,(anonymous_14)
FN:453,(anonymous_15)
FN:471,(anonymous_16)
FNF:17
FNH:1
FNDA:1,(anonymous_0)
FNDA:0,(anonymous_1)
FNDA:0,(anonymous_2)
FNDA:0,(anonymous_3)
FNDA:0,(anonymous_4)
FNDA:0,(anonymous_5)
FNDA:0,(anonymous_6)
FNDA:0,(anonymous_7)
FNDA:0,(anonymous_8)
FNDA:0,(anonymous_9)
FNDA:0,(anonymous_10)
FNDA:0,(anonymous_11)
FNDA:0,(anonymous_12)
FNDA:0,(anonymous_13)
FNDA:0,(anonymous_14)
FNDA:0,(anonymous_15)
FNDA:0,(anonymous_16)
DA:2,1
DA:9,1
DA:11,0
DA:12,0
DA:15,0
DA:16,0
DA:17,0
DA:18,0
DA:19,0
DA:20,0
DA:21,0
DA:23,0
DA:26,0
DA:27,0
DA:28,0
DA:30,0
DA:31,0
DA:32,0
DA:33,0
DA:34,0
DA:36,0
DA:42,0
DA:43,0
DA:46,0
DA:48,0
DA:50,0
DA:52,0
DA:56,0
DA:57,0
DA:60,0
DA:61,0
DA:63,0
DA:64,0
DA:65,0
DA:67,0
DA:73,0
DA:74,0
DA:75,0
DA:76,0
DA:77,0
DA:79,0
DA:80,0
DA:82,0
DA:86,0
DA:88,0
DA:90,0
DA:91,0
DA:94,0
DA:96,0
DA:98,0
DA:99,0
DA:102,0
DA:112,0
DA:113,0
DA:114,0
DA:115,0
DA:118,0
DA:119,0
DA:122,0
DA:124,0
DA:125,0
DA:126,0
DA:128,0
DA:129,0
DA:130,0
DA:131,0
DA:133,0
DA:136,0
DA:138,0
DA:141,0
DA:143,0
DA:146,0
DA:155,0
DA:156,0
DA:157,0
DA:158,0
DA:160,0
DA:161,0
DA:163,0
DA:164,0
DA:168,0
DA:172,0
DA:173,0
DA:176,0
DA:177,0
DA:178,0
DA:179,0
DA:181,0
DA:184,0
DA:185,0
DA:188,0
DA:189,0
DA:190,0
DA:191,0
DA:195,0
DA:197,0
DA:200,0
DA:203,0
DA:205,0
DA:209,0
DA:210,0
DA:211,0
DA:212,0
DA:213,0
DA:216,0
DA:217,0
DA:218,0
DA:221,0
DA:223,0
DA:224,0
DA:226,0
DA:227,0
DA:229,0
DA:230,0
DA:232,0
DA:233,0
DA:235,0
DA:236,0
DA:238,0
DA:239,0
DA:241,0
DA:242,0
DA:244,0
DA:245,0
DA:247,0
DA:248,0
DA:250,0
DA:253,0
DA:259,0
DA:263,0
DA:264,0
DA:265,0
DA:266,0
DA:267,0
DA:268,0
DA:269,0
DA:272,0
DA:273,0
DA:274,0
DA:275,0
DA:277,0
DA:279,0
DA:282,0
DA:283,0
DA:284,0
DA:286,0
DA:292,0
DA:293,0
DA:295,0
DA:296,0
DA:297,0
DA:300,0
DA:308,0
DA:309,0
DA:310,0
DA:311,0
DA:312,0
DA:314,0
DA:323,0
DA:324,0
DA:325,0
DA:326,0
DA:327,0
DA:328,0
DA:329,0
DA:330,0
DA:331,0
DA:332,0
DA:333,0
DA:334,0
DA:335,0
DA:336,0
DA:337,0
DA:338,0
DA:339,0
DA:340,0
DA:341,0
DA:342,0
DA:343,0
DA:344,0
DA:345,0
DA:346,0
DA:347,0
DA:348,0
DA:349,0
DA:352,0
DA:362,0
DA:363,0
DA:366,0
DA:367,0
DA:368,0
DA:371,0
DA:373,0
DA:379,0
DA:380,0
DA:381,0
DA:382,0
DA:385,0
DA:388,0
DA:389,0
DA:390,0
DA:393,0
DA:401,0
DA:402,0
DA:403,0
DA:405,0
DA:414,0
DA:416,0
DA:417,0
DA:420,0
DA:428,0
DA:430,0
DA:431,0
DA:432,0
DA:435,0
DA:436,0
DA:437,0
DA:438,0
DA:440,0
DA:441,0
DA:442,0
DA:443,0
DA:444,0
DA:445,0
DA:447,0
DA:450,0
DA:454,0
DA:455,0
DA:456,0
DA:457,0
DA:458,0
DA:459,0
DA:463,0
DA:464,0
DA:468,0
DA:472,0
DA:473,0
DA:475,0
DA:476,0
DA:477,0
DA:478,0
DA:479,0
DA:480,0
DA:481,0
DA:482,0
DA:485,0
DA:486,0
DA:487,0
DA:488,0
DA:491,0
DA:495,1
LF:251
LH:3
BRDA:11,0,0,0
BRDA:11,0,1,0
BRDA:16,1,0,0
BRDA:16,1,1,0
BRDA:16,2,0,0
BRDA:16,2,1,0
BRDA:17,3,0,0
BRDA:17,3,1,0
BRDA:20,4,0,0
BRDA:20,4,1,0
BRDA:27,5,0,0
BRDA:27,5,1,0
BRDA:27,6,0,0
BRDA:27,6,1,0
BRDA:30,7,0,0
BRDA:30,7,1,0
BRDA:31,8,0,0
BRDA:31,8,1,0
BRDA:33,9,0,0
BRDA:33,9,1,0
BRDA:42,10,0,0
BRDA:42,10,1,0
BRDA:42,11,0,0
BRDA:42,11,1,0
BRDA:56,12,0,0
BRDA:56,12,1,0
BRDA:60,13,0,0
BRDA:60,13,1,0
BRDA:60,14,0,0
BRDA:60,14,1,0
BRDA:73,15,0,0
BRDA:73,15,1,0
BRDA:74,16,0,0
BRDA:74,16,1,0
BRDA:76,17,0,0
BRDA:76,17,1,0
BRDA:77,18,0,0
BRDA:77,18,1,0
BRDA:79,19,0,0
BRDA:79,19,1,0
BRDA:82,20,0,0
BRDA:82,20,1,0
BRDA:86,21,0,0
BRDA:86,21,1,0
BRDA:86,22,0,0
BRDA:86,22,1,0
BRDA:86,22,2,0
BRDA:86,22,3,0
BRDA:86,22,4,0
BRDA:90,23,0,0
BRDA:90,23,1,0
BRDA:94,24,0,0
BRDA:94,24,1,0
BRDA:94,25,0,0
BRDA:94,25,1,0
BRDA:94,25,2,0
BRDA:94,25,3,0
BRDA:94,25,4,0
BRDA:98,26,0,0
BRDA:98,26,1,0
BRDA:113,27,0,0
BRDA:113,27,1,0
BRDA:113,28,0,0
BRDA:113,28,1,0
BRDA:128,29,0,0
BRDA:128,29,1,0
BRDA:136,30,0,0
BRDA:136,30,1,0
BRDA:136,31,0,0
BRDA:136,31,1,0
BRDA:136,31,2,0
BRDA:136,31,3,0
BRDA:136,31,4,0
BRDA:141,32,0,0
BRDA:141,32,1,0
BRDA:141,33,0,0
BRDA:141,33,1,0
BRDA:141,33,2,0
BRDA:141,33,3,0
BRDA:141,33,4,0
BRDA:160,34,0,0
BRDA:160,34,1,0
BRDA:163,35,0,0
BRDA:163,35,1,0
BRDA:172,36,0,0
BRDA:172,36,1,0
BRDA:177,37,0,0
BRDA:177,37,1,0
BRDA:177,38,0,0
BRDA:177,38,1,0
BRDA:178,39,0,0
BRDA:178,39,1,0
BRDA:184,40,0,0
BRDA:184,40,1,0
BRDA:191,41,0,0
BRDA:191,41,1,0
BRDA:191,42,0,0
BRDA:191,42,1,0
BRDA:191,42,2,0
BRDA:191,42,3,0
BRDA:210,43,0,0
BRDA:210,43,1,0
BRDA:221,44,0,0
BRDA:221,44,1,0
BRDA:221,44,2,0
BRDA:221,44,3,0
BRDA:221,44,4,0
BRDA:221,44,5,0
BRDA:221,44,6,0
BRDA:221,44,7,0
BRDA:221,44,8,0
BRDA:221,44,9,0
BRDA:263,45,0,0
BRDA:263,45,1,0
BRDA:268,46,0,0
BRDA:268,46,1,0
BRDA:272,47,0,0
BRDA:272,47,1,0
BRDA:274,48,0,0
BRDA:274,48,1,0
BRDA:283,49,0,0
BRDA:283,49,1,0
BRDA:292,50,0,0
BRDA:292,50,1,0
BRDA:309,51,0,0
BRDA:309,51,1,0
BRDA:323,52,0,0
BRDA:323,52,1,0
BRDA:323,53,0,0
BRDA:323,53,1,0
BRDA:326,54,0,0
BRDA:326,54,1,0
BRDA:329,55,0,0
BRDA:329,55,1,0
BRDA:332,56,0,0
BRDA:332,56,1,0
BRDA:335,57,0,0
BRDA:335,57,1,0
BRDA:338,58,0,0
BRDA:338,58,1,0
BRDA:341,59,0,0
BRDA:341,59,1,0
BRDA:344,60,0,0
BRDA:344,60,1,0
BRDA:347,61,0,0
BRDA:347,61,1,0
BRDA:362,62,0,0
BRDA:362,62,1,0
BRDA:367,63,0,0
BRDA:367,63,1,0
BRDA:379,64,0,0
BRDA:379,64,1,0
BRDA:385,65,0,0
BRDA:385,65,1,0
BRDA:402,66,0,0
BRDA:402,66,1,0
BRDA:403,67,0,0
BRDA:403,67,1,0
BRDA:405,68,0,0
BRDA:405,68,1,0
BRDA:405,69,0,0
BRDA:405,69,1,0
BRDA:405,69,2,0
BRDA:405,69,3,0
BRDA:405,69,4,0
BRDA:405,69,5,0
BRDA:405,69,6,0
BRDA:405,69,7,0
BRDA:405,69,8,0
BRDA:405,69,9,0
BRDA:405,69,10,0
BRDA:414,70,0,0
BRDA:414,70,1,0
BRDA:414,70,2,0
BRDA:416,71,0,0
BRDA:416,71,1,0
BRDA:417,72,0,0
BRDA:417,72,1,0
BRDA:431,73,0,0
BRDA:431,73,1,0
BRDA:441,74,0,0
BRDA:441,74,1,0
BRDA:455,75,0,0
BRDA:455,75,1,0
BRDA:455,76,0,0
BRDA:455,76,1,0
BRDA:458,77,0,0
BRDA:458,77,1,0
BRDA:463,78,0,0
BRDA:463,78,1,0
BRDA:472,79,0,0
BRDA:472,79,1,0
BRDA:472,80,0,0
BRDA:472,80,1,0
BRDA:472,80,2,0
BRDA:477,81,0,0
BRDA:477,81,1,0
BRDA:477,82,0,0
BRDA:477,82,1,0
BRDA:480,83,0,0
BRDA:480,83,1,0
BRDA:485,84,0,0
BRDA:485,84,1,0
BRDA:485,85,0,0
BRDA:485,85,1,0
BRDA:487,86,0,0
BRDA:487,86,1,0
BRF:207
BRH:0
end_of_record
TN:
SF:client/src/apps/player/core/LayoutManager.js
FN:15,(anonymous_0)
FN:448,findView
FN:467,findCallback
FN:468,(anonymous_3)
FN:473,_getControlInfo
FN:486,_getRelatedLayoutMetadata
FN:516,(anonymous_6)
FN:521,(anonymous_7)
FN:530,(anonymous_8)
FN:549,_getParentPath
FN:565,createControl
FN:577,_createLayout
FN:660,formatterPreprocess
FN:663,(anonymous_13)
FN:676,_createWidgetLayout
FN:715,_getLayoutAttributesFromXml
FN:738,getWidgetProperties
FN:777,createWidget
FN:780,(anonymous_18)
FN:806,(anonymous_19)
FN:832,createLayoutElementFromXml
FN:878,getLayoutAttributes
FN:894,getPropertySuffixForPath
FN:909,(anonymous_23)
FN:944,(anonymous_24)
FN:992,(anonymous_25)
FNF:26
FNH:1
FNDA:1,(anonymous_0)
FNDA:0,findView
FNDA:0,findCallback
FNDA:0,(anonymous_3)
FNDA:0,_getControlInfo
FNDA:0,_getRelatedLayoutMetadata
FNDA:0,(anonymous_6)
FNDA:0,(anonymous_7)
FNDA:0,(anonymous_8)
FNDA:0,_getParentPath
FNDA:0,createControl
FNDA:0,_createLayout
FNDA:0,formatterPreprocess
FNDA:0,(anonymous_13)
FNDA:0,_createWidgetLayout
FNDA:0,_getLayoutAttributesFromXml
FNDA:0,getWidgetProperties
FNDA:0,createWidget
FNDA:0,(anonymous_18)
FNDA:0,(anonymous_19)
FNDA:0,createLayoutElementFromXml
FNDA:0,getLayoutAttributes
FNDA:0,getPropertySuffixForPath
FNDA:0,(anonymous_23)
FNDA:0,(anonymous_24)
FNDA:0,(anonymous_25)
DA:1,1
DA:449,0
DA:450,0
DA:451,0
DA:452,0
DA:453,0
DA:455,0
DA:457,0
DA:458,0
DA:459,0
DA:461,0
DA:468,0
DA:469,0
DA:475,0
DA:476,0
DA:477,0
DA:480,0
DA:483,0
DA:487,0
DA:489,0
DA:491,0
DA:492,0
DA:493,0
DA:496,0
DA:497,0
DA:498,0
DA:499,0
DA:500,0
DA:507,0
DA:508,0
DA:512,0
DA:516,0
DA:517,0
DA:520,0
DA:521,0
DA:522,0
DA:526,0
DA:527,0
DA:528,0
DA:530,0
DA:531,0
DA:533,0
DA:534,0
DA:537,0
DA:538,0
DA:540,0
DA:541,0
DA:542,0
DA:546,0
DA:550,0
DA:551,0
DA:554,0
DA:556,0
DA:558,0
DA:559,0
DA:561,0
DA:566,0
DA:567,0
DA:568,0
DA:569,0
DA:571,0
DA:572,0
DA:574,0
DA:579,0
DA:580,0
DA:582,0
DA:587,0
DA:591,0
DA:592,0
DA:593,0
DA:595,0
DA:597,0
DA:598,0
DA:600,0
DA:601,0
DA:602,0
DA:603,0
DA:604,0
DA:605,0
DA:606,0
DA:607,0
DA:608,0
DA:609,0
DA:612,0
DA:613,0
DA:614,0
DA:615,0
DA:617,0
DA:618,0
DA:619,0
DA:620,0
DA:621,0
DA:626,0
DA:629,0
DA:634,0
DA:637,0
DA:639,0
DA:641,0
DA:642,0
DA:643,0
DA:644,0
DA:646,0
DA:647,0
DA:650,0
DA:651,0
DA:653,0
DA:655,0
DA:661,0
DA:662,0
DA:663,0
DA:664,0
DA:665,0
DA:666,0
DA:667,0
DA:668,0
DA:670,0
DA:677,0
DA:678,0
DA:680,0
DA:681,0
DA:682,0
DA:683,0
DA:684,0
DA:685,0
DA:687,0
DA:688,0
DA:689,0
DA:690,0
DA:691,0
DA:696,0
DA:697,0
DA:700,0
DA:702,0
DA:703,0
DA:704,0
DA:706,0
DA:707,0
DA:709,0
DA:711,0
DA:716,0
DA:718,0
DA:719,0
DA:720,0
DA:722,0
DA:724,0
DA:725,0
DA:728,0
DA:730,0
DA:733,0
DA:736,0
DA:740,0
DA:741,0
DA:745,0
DA:746,0
DA:747,0
DA:749,0
DA:750,0
DA:751,0
DA:752,0
DA:754,0
DA:756,0
DA:759,0
DA:760,0
DA:761,0
DA:764,0
DA:765,0
DA:766,0
DA:770,0
DA:775,0
DA:778,0
DA:779,0
DA:780,0
DA:781,0
DA:782,0
DA:783,0
DA:785,0
DA:786,0
DA:788,0
DA:791,0
DA:794,0
DA:795,0
DA:800,0
DA:801,0
DA:803,0
DA:804,0
DA:805,0
DA:806,0
DA:808,0
DA:810,0
DA:811,0
DA:812,0
DA:814,0
DA:815,0
DA:818,0
DA:821,0
DA:822,0
DA:823,0
DA:826,0
DA:827,0
DA:830,0
DA:833,0
DA:836,0
DA:839,0
DA:841,0
DA:842,0
DA:843,0
DA:844,0
DA:845,0
DA:848,0
DA:849,0
DA:855,0
DA:856,0
DA:859,0
DA:860,0
DA:861,0
DA:862,0
DA:864,0
DA:865,0
DA:866,0
DA:868,0
DA:869,0
DA:875,0
DA:879,0
DA:880,0
DA:882,0
DA:883,0
DA:885,0
DA:886,0
DA:888,0
DA:891,0
DA:895,0
DA:896,0
DA:899,0
DA:902,1
DA:910,0
DA:911,0
DA:912,0
DA:913,0
DA:916,0
DA:918,0
DA:919,0
DA:922,0
DA:948,0
DA:950,0
DA:951,0
DA:954,0
DA:955,0
DA:956,0
DA:958,0
DA:959,0
DA:960,0
DA:961,0
DA:962,0
DA:963,0
DA:964,0
DA:965,0
DA:968,0
DA:970,0
DA:973,0
DA:974,0
DA:976,0
DA:979,0
DA:980,0
DA:981,0
DA:984,0
DA:990,0
DA:996,0
DA:998,0
LF:268
LH:2
BRDA:449,0,0,0
BRDA:449,0,1,0
BRDA:451,1,0,0
BRDA:451,1,1,0
BRDA:453,2,0,0
BRDA:453,2,1,0
BRDA:453,3,0,0
BRDA:453,3,1,0
BRDA:453,3,2,0
BRDA:457,4,0,0
BRDA:457,4,1,0
BRDA:457,4,2,0
BRDA:458,5,0,0
BRDA:458,5,1,0
BRDA:469,6,0,0
BRDA:469,6,1,0
BRDA:475,7,0,0
BRDA:475,7,1,0
BRDA:475,8,0,0
BRDA:475,8,1,0
BRDA:476,9,0,0
BRDA:476,9,1,0
BRDA:480,10,0,0
BRDA:480,10,1,0
BRDA:496,11,0,0
BRDA:496,11,1,0
BRDA:498,12,0,0
BRDA:498,12,1,0
BRDA:507,13,0,0
BRDA:507,13,1,0
BRDA:507,14,0,0
BRDA:507,14,1,0
BRDA:520,15,0,0
BRDA:520,15,1,0
BRDA:527,16,0,0
BRDA:527,16,1,0
BRDA:533,17,0,0
BRDA:533,17,1,0
BRDA:541,18,0,0
BRDA:541,18,1,0
BRDA:550,19,0,0
BRDA:550,19,1,0
BRDA:558,20,0,0
BRDA:558,20,1,0
BRDA:568,21,0,0
BRDA:568,21,1,0
BRDA:579,22,0,0
BRDA:579,22,1,0
BRDA:591,23,0,0
BRDA:591,23,1,0
BRDA:591,24,0,0
BRDA:591,24,1,0
BRDA:597,25,0,0
BRDA:597,25,1,0
BRDA:602,26,0,0
BRDA:602,26,1,0
BRDA:602,27,0,0
BRDA:602,27,1,0
BRDA:603,28,0,0
BRDA:603,28,1,0
BRDA:604,29,0,0
BRDA:604,29,1,0
BRDA:606,30,0,0
BRDA:606,30,1,0
BRDA:606,31,0,0
BRDA:606,31,1,0
BRDA:608,32,0,0
BRDA:608,32,1,0
BRDA:608,33,0,0
BRDA:608,33,1,0
BRDA:613,34,0,0
BRDA:613,34,1,0
BRDA:618,35,0,0
BRDA:618,35,1,0
BRDA:620,36,0,0
BRDA:620,36,1,0
BRDA:634,37,0,0
BRDA:634,37,1,0
BRDA:646,38,0,0
BRDA:646,38,1,0
BRDA:646,39,0,0
BRDA:646,39,1,0
BRDA:662,40,0,0
BRDA:662,40,1,0
BRDA:665,41,0,0
BRDA:665,41,1,0
BRDA:665,42,0,0
BRDA:665,42,1,0
BRDA:677,43,0,0
BRDA:677,43,1,0
BRDA:681,44,0,0
BRDA:681,44,1,0
BRDA:683,45,0,0
BRDA:683,45,1,0
BRDA:688,46,0,0
BRDA:688,46,1,0
BRDA:690,47,0,0
BRDA:690,47,1,0
BRDA:697,48,0,0
BRDA:697,48,1,0
BRDA:724,49,0,0
BRDA:724,49,1,0
BRDA:724,50,0,0
BRDA:724,50,1,0
BRDA:728,51,0,0
BRDA:728,51,1,0
BRDA:740,52,0,0
BRDA:740,52,1,0
BRDA:745,53,0,0
BRDA:745,53,1,0
BRDA:745,54,0,0
BRDA:745,54,1,0
BRDA:751,55,0,0
BRDA:751,55,1,0
BRDA:754,56,0,0
BRDA:754,56,1,0
BRDA:754,57,0,0
BRDA:754,57,1,0
BRDA:759,58,0,0
BRDA:759,58,1,0
BRDA:760,59,0,0
BRDA:760,59,1,0
BRDA:764,60,0,0
BRDA:764,60,1,0
BRDA:765,61,0,0
BRDA:765,61,1,0
BRDA:765,62,0,0
BRDA:765,62,1,0
BRDA:770,63,0,0
BRDA:770,63,1,0
BRDA:770,64,0,0
BRDA:770,64,1,0
BRDA:782,65,0,0
BRDA:782,65,1,0
BRDA:789,66,0,0
BRDA:789,66,1,0
BRDA:789,66,2,0
BRDA:794,67,0,0
BRDA:794,67,1,0
BRDA:800,68,0,0
BRDA:800,68,1,0
BRDA:803,69,0,0
BRDA:803,69,1,0
BRDA:805,70,0,0
BRDA:805,70,1,0
BRDA:805,71,0,0
BRDA:805,71,1,0
BRDA:810,72,0,0
BRDA:810,72,1,0
BRDA:812,73,0,0
BRDA:812,73,1,0
BRDA:814,74,0,0
BRDA:814,74,1,0
BRDA:814,75,0,0
BRDA:814,75,1,0
BRDA:814,75,2,0
BRDA:821,76,0,0
BRDA:821,76,1,0
BRDA:826,77,0,0
BRDA:826,77,1,0
BRDA:826,78,0,0
BRDA:826,78,1,0
BRDA:834,79,0,0
BRDA:834,79,1,0
BRDA:834,79,2,0
BRDA:839,80,0,0
BRDA:839,80,1,0
BRDA:842,81,0,0
BRDA:842,81,1,0
BRDA:844,82,0,0
BRDA:844,82,1,0
BRDA:848,83,0,0
BRDA:848,83,1,0
BRDA:855,84,0,0
BRDA:855,84,1,0
BRDA:859,85,0,0
BRDA:859,85,1,0
BRDA:860,86,0,0
BRDA:860,86,1,0
BRDA:868,87,0,0
BRDA:868,87,1,0
BRDA:895,88,0,0
BRDA:895,88,1,0
BRDA:910,89,0,0
BRDA:910,89,1,0
BRDA:911,90,0,0
BRDA:911,90,1,0
BRDA:948,91,0,0
BRDA:948,91,1,0
BRDA:948,92,0,0
BRDA:948,92,1,0
BRDA:948,92,2,0
BRDA:950,93,0,0
BRDA:950,93,1,0
BRDA:954,94,0,0
BRDA:954,94,1,0
BRDA:954,95,0,0
BRDA:954,95,1,0
BRDA:960,96,0,0
BRDA:960,96,1,0
BRDA:964,97,0,0
BRDA:964,97,1,0
BRDA:964,98,0,0
BRDA:964,98,1,0
BRDA:964,98,2,0
BRDA:968,99,0,0
BRDA:968,99,1,0
BRDA:968,100,0,0
BRDA:968,100,1,0
BRDA:973,101,0,0
BRDA:973,101,1,0
BRDA:974,102,0,0
BRDA:974,102,1,0
BRDA:979,103,0,0
BRDA:979,103,1,0
BRDA:980,104,0,0
BRDA:980,104,1,0
BRDA:980,105,0,0
BRDA:980,105,1,0
BRDA:984,106,0,0
BRDA:984,106,1,0
BRDA:984,107,0,0
BRDA:984,107,1,0
BRF:223
BRH:0
end_of_record
TN:
SF:client/src/apps/player/core/SDKMetadataConstants.js
FN:1,(anonymous_0)
FNF:1
FNH:1
FNDA:1,(anonymous_0)
DA:1,1
DA:4,1
LF:2
LH:2
BRF:0
BRH:0
end_of_record
TN:
SF:client/src/apps/player/core/SettingManager.js
FN:5,(anonymous_0)
FN:9,(anonymous_1)
FN:15,(anonymous_2)
FN:17,(anonymous_3)
FN:41,(anonymous_4)
FN:58,(anonymous_5)
FN:62,(anonymous_6)
FN:66,(anonymous_7)
FN:70,(anonymous_8)
FN:74,(anonymous_9)
FN:78,(anonymous_10)
FN:82,(anonymous_11)
FN:86,(anonymous_12)
FN:116,(anonymous_13)
FN:140,(anonymous_14)
FN:143,(anonymous_15)
FNF:16
FNH:2
FNDA:1,(anonymous_0)
FNDA:1,(anonymous_1)
FNDA:0,(anonymous_2)
FNDA:0,(anonymous_3)
FNDA:0,(anonymous_4)
FNDA:0,(anonymous_5)
FNDA:0,(anonymous_6)
FNDA:0,(anonymous_7)
FNDA:0,(anonymous_8)
FNDA:0,(anonymous_9)
FNDA:0,(anonymous_10)
FNDA:0,(anonymous_11)
FNDA:0,(anonymous_12)
FNDA:0,(anonymous_13)
FNDA:0,(anonymous_14)
FNDA:0,(anonymous_15)
DA:2,1
DA:8,1
DA:10,1
DA:11,1
DA:15,1
DA:16,0
DA:19,0
DA:21,0
DA:22,0
DA:24,0
DA:25,0
DA:26,0
DA:27,0
DA:30,0
DA:36,0
DA:40,0
DA:43,0
DA:45,0
DA:46,0
DA:47,0
DA:53,0
DA:58,1
DA:59,0
DA:62,1
DA:63,0
DA:66,1
DA:67,0
DA:70,1
DA:71,0
DA:74,1
DA:75,0
DA:78,1
DA:79,0
DA:82,1
DA:83,0
DA:87,0
DA:89,0
DA:90,0
DA:91,0
DA:93,0
DA:95,0
DA:96,0
DA:98,0
DA:99,0
DA:101,0
DA:102,0
DA:104,0
DA:105,0
DA:107,0
DA:108,0
DA:110,0
DA:111,0
DA:113,0
DA:117,0
DA:119,0
DA:120,0
DA:123,0
DA:124,0
DA:125,0
DA:128,0
DA:129,0
DA:132,0
DA:133,0
DA:136,0
DA:137,0
DA:141,0
DA:144,0
DA:146,1
LF:68
LH:13
BRDA:24,0,0,0
BRDA:24,0,1,0
BRDA:26,1,0,0
BRDA:26,1,1,0
BRDA:67,2,0,0
BRDA:67,2,1,0
BRDA:71,3,0,0
BRDA:71,3,1,0
BRDA:90,4,0,0
BRDA:90,4,1,0
BRDA:90,5,0,0
BRDA:90,5,1,0
BRDA:93,6,0,0
BRDA:93,6,1,0
BRDA:93,6,2,0
BRDA:93,6,3,0
BRDA:93,6,4,0
BRDA:93,6,5,0
BRDA:119,7,0,0
BRDA:119,7,1,0
BRDA:124,8,0,0
BRDA:124,8,1,0
BRDA:128,9,0,0
BRDA:128,9,1,0
BRDA:128,10,0,0
BRDA:128,10,1,0
BRDA:132,11,0,0
BRDA:132,11,1,0
BRDA:132,12,0,0
BRDA:132,12,1,0
BRDA:136,13,0,0
BRDA:136,13,1,0
BRDA:136,14,0,0
BRDA:136,14,1,0
BRDA:136,14,2,0
BRF:35
BRH:0
end_of_record
TN:
SF:client/src/apps/player/core/ThinClientBo.js
FN:6,(anonymous_0)
FN:50,(anonymous_1)
FN:60,(anonymous_2)
FN:70,(anonymous_3)
FN:86,internalGetViews
FN:97,(anonymous_5)
FN:98,(anonymous_6)
FN:106,boViewMetadataRequest
FN:130,(anonymous_8)
FN:145,updateBeiginFunc
FN:178,(anonymous_10)
FN:193,toReminder
FN:228,_formatAction
FN:242,_processUiCommand
FN:277,_processCoreMessage
FN:279,(anonymous_15)
FN:289,(anonymous_16)
FN:310,_processMessageBox
FN:312,(anonymous_18)
FN:321,(anonymous_19)
FN:342,_processToastMessage
FN:358,_processUiNavigation
FN:374,_processRefreshAction
FN:381,_processRefreshParentAction
FN:388,_processExecAction
FN:401,_processWizard
FN:405,_processNop
FN:411,_processUrlJump
FN:422,_processLeaveAction
FN:431,_processCloseAndReturnAction
FN:438,_processBackAction
FN:444,getViewAlias
FN:455,(anonymous_32)
FN:456,(anonymous_33)
FN:457,(anonymous_34)
FN:473,(anonymous_35)
FN:486,(anonymous_36)
FN:490,(anonymous_37)
FN:493,(anonymous_38)
FN:504,(anonymous_39)
FN:514,(anonymous_40)
FN:518,(anonymous_41)
FN:531,(anonymous_42)
FN:537,(anonymous_43)
FN:550,(anonymous_44)
FN:556,(anonymous_45)
FN:573,(anonymous_46)
FN:577,(anonymous_47)
FN:582,(anonymous_48)
FN:586,(anonymous_49)
FN:619,(anonymous_50)
FN:626,(anonymous_51)
FN:641,(anonymous_52)
FN:663,(anonymous_53)
FN:683,(anonymous_54)
FN:696,(anonymous_55)
FN:699,(anonymous_56)
FN:705,(anonymous_57)
FN:706,(anonymous_58)
FN:712,(anonymous_59)
FN:757,(anonymous_60)
FNF:61
FNH:1
FNDA:1,(anonymous_0)
FNDA:0,(anonymous_1)
FNDA:0,(anonymous_2)
FNDA:0,(anonymous_3)
FNDA:0,internalGetViews
FNDA:0,(anonymous_5)
FNDA:0,(anonymous_6)
FNDA:0,boViewMetadataRequest
FNDA:0,(anonymous_8)
FNDA:0,updateBeiginFunc
FNDA:0,(anonymous_10)
FNDA:0,toReminder
FNDA:0,_formatAction
FNDA:0,_processUiCommand
FNDA:0,_processCoreMessage
FNDA:0,(anonymous_15)
FNDA:0,(anonymous_16)
FNDA:0,_processMessageBox
FNDA:0,(anonymous_18)
FNDA:0,(anonymous_19)
FNDA:0,_processToastMessage
FNDA:0,_processUiNavigation
FNDA:0,_processRefreshAction
FNDA:0,_processRefreshParentAction
FNDA:0,_processExecAction
FNDA:0,_processWizard
FNDA:0,_processNop
FNDA:0,_processUrlJump
FNDA:0,_processLeaveAction
FNDA:0,_processCloseAndReturnAction
FNDA:0,_processBackAction
FNDA:0,getViewAlias
FNDA:0,(anonymous_32)
FNDA:0,(anonymous_33)
FNDA:0,(anonymous_34)
FNDA:0,(anonymous_35)
FNDA:0,(anonymous_36)
FNDA:0,(anonymous_37)
FNDA:0,(anonymous_38)
FNDA:0,(anonymous_39)
FNDA:0,(anonymous_40)
FNDA:0,(anonymous_41)
FNDA:0,(anonymous_42)
FNDA:0,(anonymous_43)
FNDA:0,(anonymous_44)
FNDA:0,(anonymous_45)
FNDA:0,(anonymous_46)
FNDA:0,(anonymous_47)
FNDA:0,(anonymous_48)
FNDA:0,(anonymous_49)
FNDA:0,(anonymous_50)
FNDA:0,(anonymous_51)
FNDA:0,(anonymous_52)
FNDA:0,(anonymous_53)
FNDA:0,(anonymous_54)
FNDA:0,(anonymous_55)
FNDA:0,(anonymous_56)
FNDA:0,(anonymous_57)
FNDA:0,(anonymous_58)
FNDA:0,(anonymous_59)
FNDA:0,(anonymous_60)
DA:2,1
DA:7,1
DA:51,0
DA:61,0
DA:71,0
DA:80,1
DA:88,0
DA:89,0
DA:97,0
DA:98,0
DA:99,0
DA:103,0
DA:107,0
DA:119,0
DA:120,0
DA:121,0
DA:122,0
DA:124,0
DA:125,0
DA:130,0
DA:131,0
DA:132,0
DA:133,0
DA:134,0
DA:137,0
DA:146,0
DA:148,0
DA:149,0
DA:151,0
DA:152,0
DA:153,0
DA:154,0
DA:157,0
DA:159,0
DA:179,0
DA:180,0
DA:182,0
DA:186,0
DA:194,0
DA:196,0
DA:198,0
DA:199,0
DA:200,0
DA:201,0
DA:204,0
DA:206,0
DA:229,0
DA:230,0
DA:231,0
DA:232,0
DA:238,0
DA:243,0
DA:245,0
DA:247,0
DA:249,0
DA:251,0
DA:253,0
DA:255,0
DA:257,0
DA:259,0
DA:261,0
DA:263,0
DA:265,0
DA:267,0
DA:269,0
DA:271,0
DA:274,0
DA:278,0
DA:279,0
DA:280,0
DA:283,0
DA:290,0
DA:291,0
DA:294,0
DA:311,0
DA:312,0
DA:313,0
DA:316,0
DA:322,0
DA:323,0
DA:326,0
DA:343,0
DA:359,0
DA:375,0
DA:382,0
DA:389,0
DA:406,0
DA:412,0
DA:423,0
DA:432,0
DA:439,0
DA:445,0
DA:446,0
DA:447,0
DA:448,0
DA:450,0
DA:454,1
DA:455,0
DA:456,0
DA:458,0
DA:474,0
DA:475,0
DA:476,0
DA:477,0
DA:481,0
DA:487,0
DA:491,0
DA:494,0
DA:505,0
DA:506,0
DA:507,0
DA:508,0
DA:512,0
DA:515,0
DA:519,0
DA:532,0
DA:538,0
DA:551,0
DA:557,0
DA:575,0
DA:578,0
DA:583,0
DA:587,0
DA:588,0
DA:590,0
DA:592,0
DA:593,0
DA:594,0
DA:595,0
DA:598,0
DA:600,0
DA:620,0
DA:627,0
DA:642,0
DA:643,0
DA:644,0
DA:646,0
DA:664,0
DA:665,0
DA:668,0
DA:684,0
DA:699,0
DA:706,0
DA:707,0
DA:713,0
DA:721,0
DA:722,0
DA:725,0
DA:726,0
DA:729,0
DA:730,0
DA:733,0
DA:734,0
DA:736,0
DA:737,0
DA:739,0
DA:740,0
DA:742,0
DA:744,0
DA:746,0
DA:758,0
LF:161
LH:4
BRDA:88,0,0,0
BRDA:88,0,1,0
BRDA:119,1,0,0
BRDA:119,1,1,0
BRDA:120,2,0,0
BRDA:120,2,1,0
BRDA:121,3,0,0
BRDA:121,3,1,0
BRDA:121,4,0,0
BRDA:121,4,1,0
BRDA:132,5,0,0
BRDA:132,5,1,0
BRDA:151,6,0,0
BRDA:151,6,1,0
BRDA:157,7,0,0
BRDA:157,7,1,0
BRDA:163,8,0,0
BRDA:163,8,1,0
BRDA:165,9,0,0
BRDA:165,9,1,0
BRDA:167,10,0,0
BRDA:167,10,1,0
BRDA:167,11,0,0
BRDA:167,11,1,0
BRDA:175,12,0,0
BRDA:175,12,1,0
BRDA:175,12,2,0
BRDA:179,13,0,0
BRDA:179,13,1,0
BRDA:187,14,0,0
BRDA:187,14,1,0
BRDA:198,15,0,0
BRDA:198,15,1,0
BRDA:204,16,0,0
BRDA:204,16,1,0
BRDA:210,17,0,0
BRDA:210,17,1,0
BRDA:212,18,0,0
BRDA:212,18,1,0
BRDA:214,19,0,0
BRDA:214,19,1,0
BRDA:214,20,0,0
BRDA:214,20,1,0
BRDA:222,21,0,0
BRDA:222,21,1,0
BRDA:222,21,2,0
BRDA:229,22,0,0
BRDA:229,22,1,0
BRDA:231,23,0,0
BRDA:231,23,1,0
BRDA:235,24,0,0
BRDA:235,24,1,0
BRDA:243,25,0,0
BRDA:243,25,1,0
BRDA:243,25,2,0
BRDA:243,25,3,0
BRDA:243,25,4,0
BRDA:243,25,5,0
BRDA:243,25,6,0
BRDA:243,25,7,0
BRDA:243,25,8,0
BRDA:243,25,9,0
BRDA:243,25,10,0
BRDA:243,25,11,0
BRDA:243,25,12,0
BRDA:243,25,13,0
BRDA:288,26,0,0
BRDA:288,26,1,0
BRDA:290,27,0,0
BRDA:290,27,1,0
BRDA:296,28,0,0
BRDA:296,28,1,0
BRDA:298,29,0,0
BRDA:298,29,1,0
BRDA:306,30,0,0
BRDA:306,30,1,0
BRDA:320,31,0,0
BRDA:320,31,1,0
BRDA:322,32,0,0
BRDA:322,32,1,0
BRDA:328,33,0,0
BRDA:328,33,1,0
BRDA:330,34,0,0
BRDA:330,34,1,0
BRDA:338,35,0,0
BRDA:338,35,1,0
BRDA:347,36,0,0
BRDA:347,36,1,0
BRDA:366,37,0,0
BRDA:366,37,1,0
BRDA:367,38,0,0
BRDA:367,38,1,0
BRDA:415,39,0,0
BRDA:415,39,1,0
BRDA:416,40,0,0
BRDA:416,40,1,0
BRDA:417,41,0,0
BRDA:417,41,1,0
BRDA:445,42,0,0
BRDA:445,42,1,0
BRDA:445,43,0,0
BRDA:445,43,1,0
BRDA:447,44,0,0
BRDA:447,44,1,0
BRDA:447,45,0,0
BRDA:447,45,1,0
BRDA:462,46,0,0
BRDA:462,46,1,0
BRDA:463,47,0,0
BRDA:463,47,1,0
BRDA:465,48,0,0
BRDA:465,48,1,0
BRDA:469,49,0,0
BRDA:469,49,1,0
BRDA:470,50,0,0
BRDA:470,50,1,0
BRDA:470,50,2,0
BRDA:474,51,0,0
BRDA:474,51,1,0
BRDA:476,52,0,0
BRDA:476,52,1,0
BRDA:478,53,0,0
BRDA:478,53,1,0
BRDA:505,54,0,0
BRDA:505,54,1,0
BRDA:505,55,0,0
BRDA:505,55,1,0
BRDA:507,56,0,0
BRDA:507,56,1,0
BRDA:528,57,0,0
BRDA:528,57,1,0
BRDA:528,57,2,0
BRDA:547,58,0,0
BRDA:547,58,1,0
BRDA:547,58,2,0
BRDA:560,59,0,0
BRDA:560,59,1,0
BRDA:564,60,0,0
BRDA:564,60,1,0
BRDA:570,61,0,0
BRDA:570,61,1,0
BRDA:570,61,2,0
BRDA:583,62,0,0
BRDA:583,62,1,0
BRDA:587,63,0,0
BRDA:587,63,1,0
BRDA:587,64,0,0
BRDA:587,64,1,0
BRDA:587,64,2,0
BRDA:592,65,0,0
BRDA:592,65,1,0
BRDA:598,66,0,0
BRDA:598,66,1,0
BRDA:604,67,0,0
BRDA:604,67,1,0
BRDA:606,68,0,0
BRDA:606,68,1,0
BRDA:608,69,0,0
BRDA:608,69,1,0
BRDA:608,70,0,0
BRDA:608,70,1,0
BRDA:616,71,0,0
BRDA:616,71,1,0
BRDA:616,71,2,0
BRDA:621,72,0,0
BRDA:621,72,1,0
BRDA:629,73,0,0
BRDA:629,73,1,0
BRDA:630,74,0,0
BRDA:630,74,1,0
BRDA:635,75,0,0
BRDA:635,75,1,0
BRDA:636,76,0,0
BRDA:636,76,1,0
BRDA:636,76,2,0
BRDA:637,77,0,0
BRDA:637,77,1,0
BRDA:644,78,0,0
BRDA:644,78,1,0
BRDA:657,79,0,0
BRDA:657,79,1,0
BRDA:664,80,0,0
BRDA:664,80,1,0
BRDA:688,81,0,0
BRDA:688,81,1,0
BRDA:693,82,0,0
BRDA:693,82,1,0
BRDA:693,82,2,0
BRDA:699,83,0,0
BRDA:699,83,1,0
BRDA:707,84,0,0
BRDA:707,84,1,0
BRDA:712,85,0,0
BRDA:715,86,0,0
BRDA:715,86,1,0
BRDA:717,87,0,0
BRDA:717,87,1,0
BRDA:721,88,0,0
BRDA:721,88,1,0
BRDA:725,89,0,0
BRDA:725,89,1,0
BRDA:725,90,0,0
BRDA:725,90,1,0
BRDA:729,91,0,0
BRDA:729,91,1,0
BRDA:729,92,0,0
BRDA:729,92,1,0
BRDA:729,92,2,0
BRDA:734,93,0,0
BRDA:734,93,1,0
BRDA:734,93,2,0
BRDA:750,94,0,0
BRDA:750,94,1,0
BRDA:750,95,0,0
BRDA:750,95,1,0
BRDA:751,96,0,0
BRDA:751,96,1,0
BRDA:751,96,2,0
BRDA:752,97,0,0
BRDA:752,97,1,0
BRDA:753,98,0,0
BRDA:753,98,1,0
BRDA:754,99,0,0
BRDA:754,99,1,0
BRF:224
BRH:0
end_of_record
TN:
SF:client/src/apps/player/core/TranslateUtil.js
FN:3,(anonymous_0)
FN:8,(anonymous_1)
FNF:2
FNH:2
FNDA:1,(anonymous_0)
FNDA:4,(anonymous_1)
DA:1,1
DA:6,1
DA:9,4
DA:10,1
DA:14,4
LF:5
LH:5
BRDA:9,0,0,1
BRDA:9,0,1,3
BRF:2
BRH:2
end_of_record
TN:
SF:client/src/apps/player/core/Util.js
FN:11,(anonymous_0)
FN:19,_formatAction
FN:33,_processUiCommand
FN:62,_processMessageBox
FN:64,(anonymous_4)
FN:73,(anonymous_5)
FN:94,_processToastMessage
FN:108,_processUiNavigation
FN:124,_processRefreshAction
FN:131,_processClientAction
FN:144,_processExecAction
FN:157,_processWizard
FN:161,_processNop
FN:167,_processUrlJump
FN:177,_processLeaveAction
FN:187,_processBackAction
FN:196,set
FN:215,WaitPromise
FN:217,(anonymous_18)
FN:222,(anonymous_19)
FN:225,(anonymous_20)
FN:229,isString
FN:233,removeObjectNodePath
FN:238,(anonymous_23)
FN:243,parseXmlAttrValueToJSONValue
FN:260,evalPreparedStatement
FN:281,(anonymous_26)
FN:284,(anonymous_27)
FN:287,(anonymous_28)
FN:290,(anonymous_29)
FN:293,(anonymous_30)
FN:296,(anonymous_31)
FN:299,(anonymous_32)
FN:318,(anonymous_33)
FN:326,(anonymous_34)
FN:333,(anonymous_35)
FN:348,(anonymous_36)
FN:362,(anonymous_37)
FN:379,(anonymous_38)
FN:382,(anonymous_39)
FN:413,(anonymous_40)
FN:428,(anonymous_41)
FN:435,(anonymous_42)
FN:438,(anonymous_43)
FN:441,(anonymous_44)
FN:472,(anonymous_45)
FN:475,(anonymous_46)
FN:478,(anonymous_47)
FN:503,(anonymous_48)
FN:521,(anonymous_49)
FN:532,(anonymous_50)
FN:605,(anonymous_51)
FN:606,(anonymous_52)
FN:610,(anonymous_53)
FN:615,(anonymous_54)
FN:627,(anonymous_55)
FN:628,(anonymous_56)
FN:635,(anonymous_57)
FN:636,(anonymous_58)
FN:652,(anonymous_59)
FN:655,(anonymous_60)
FN:665,(anonymous_61)
FN:666,(anonymous_62)
FN:683,(anonymous_63)
FN:692,(anonymous_64)
FN:693,(anonymous_65)
FN:722,(anonymous_66)
FN:744,(anonymous_67)
FN:749,(anonymous_68)
FN:752,(anonymous_69)
FN:756,(anonymous_70)
FN:767,(anonymous_71)
FN:786,(anonymous_72)
FN:826,(anonymous_73)
FN:855,(anonymous_74)
FN:867,(anonymous_75)
FN:876,(anonymous_76)
FN:886,(anonymous_77)
FN:890,(anonymous_78)
FNF:79
FNH:5
FNDA:1,(anonymous_0)
FNDA:0,_formatAction
FNDA:0,_processUiCommand
FNDA:0,_processMessageBox
FNDA:0,(anonymous_4)
FNDA:0,(anonymous_5)
FNDA:0,_processToastMessage
FNDA:0,_processUiNavigation
FNDA:0,_processRefreshAction
FNDA:0,_processClientAction
FNDA:0,_processExecAction
FNDA:0,_processWizard
FNDA:0,_processNop
FNDA:0,_processUrlJump
FNDA:0,_processLeaveAction
FNDA:0,_processBackAction
FNDA:0,set
FNDA:17,WaitPromise
FNDA:17,(anonymous_18)
FNDA:0,(anonymous_19)
FNDA:0,(anonymous_20)
FNDA:0,isString
FNDA:0,removeObjectNodePath
FNDA:0,(anonymous_23)
FNDA:0,parseXmlAttrValueToJSONValue
FNDA:0,evalPreparedStatement
FNDA:0,(anonymous_26)
FNDA:0,(anonymous_27)
FNDA:0,(anonymous_28)
FNDA:0,(anonymous_29)
FNDA:0,(anonymous_30)
FNDA:0,(anonymous_31)
FNDA:0,(anonymous_32)
FNDA:0,(anonymous_33)
FNDA:0,(anonymous_34)
FNDA:0,(anonymous_35)
FNDA:0,(anonymous_36)
FNDA:0,(anonymous_37)
FNDA:0,(anonymous_38)
FNDA:0,(anonymous_39)
FNDA:0,(anonymous_40)
FNDA:0,(anonymous_41)
FNDA:0,(anonymous_42)
FNDA:0,(anonymous_43)
FNDA:0,(anonymous_44)
FNDA:0,(anonymous_45)
FNDA:0,(anonymous_46)
FNDA:0,(anonymous_47)
FNDA:0,(anonymous_48)
FNDA:0,(anonymous_49)
FNDA:0,(anonymous_50)
FNDA:0,(anonymous_51)
FNDA:0,(anonymous_52)
FNDA:0,(anonymous_53)
FNDA:0,(anonymous_54)
FNDA:0,(anonymous_55)
FNDA:0,(anonymous_56)
FNDA:0,(anonymous_57)
FNDA:0,(anonymous_58)
FNDA:0,(anonymous_59)
FNDA:0,(anonymous_60)
FNDA:0,(anonymous_61)
FNDA:0,(anonymous_62)
FNDA:0,(anonymous_63)
FNDA:0,(anonymous_64)
FNDA:0,(anonymous_65)
FNDA:0,(anonymous_66)
FNDA:0,(anonymous_67)
FNDA:0,(anonymous_68)
FNDA:0,(anonymous_69)
FNDA:0,(anonymous_70)
FNDA:0,(anonymous_71)
FNDA:0,(anonymous_72)
FNDA:0,(anonymous_73)
FNDA:1,(anonymous_74)
FNDA:0,(anonymous_75)
FNDA:1,(anonymous_76)
FNDA:0,(anonymous_77)
FNDA:0,(anonymous_78)
DA:1,1
DA:20,0
DA:21,0
DA:22,0
DA:23,0
DA:29,0
DA:34,0
DA:36,0
DA:38,0
DA:40,0
DA:42,0
DA:44,0
DA:46,0
DA:48,0
DA:50,0
DA:52,0
DA:54,0
DA:56,0
DA:58,0
DA:63,0
DA:64,0
DA:65,0
DA:68,0
DA:74,0
DA:75,0
DA:78,0
DA:95,0
DA:109,0
DA:125,0
DA:132,0
DA:145,0
DA:162,0
DA:168,0
DA:178,0
DA:188,0
DA:197,0
DA:199,0
DA:200,0
DA:201,0
DA:204,0
DA:206,0
DA:207,0
DA:210,0
DA:216,17
DA:217,17
DA:218,17
DA:222,1
DA:223,0
DA:225,1
DA:226,0
DA:230,0
DA:234,0
DA:235,0
DA:237,0
DA:238,0
DA:239,0
DA:244,0
DA:245,0
DA:246,0
DA:247,0
DA:248,0
DA:249,0
DA:250,0
DA:251,0
DA:253,0
DA:254,0
DA:257,0
DA:261,0
DA:262,0
DA:263,0
DA:264,0
DA:265,0
DA:272,0
DA:274,1
DA:275,1
DA:277,1
DA:282,0
DA:285,0
DA:288,0
DA:291,0
DA:294,0
DA:297,0
DA:300,0
DA:301,0
DA:304,0
DA:305,0
DA:308,0
DA:310,0
DA:312,0
DA:313,0
DA:316,0
DA:319,0
DA:327,0
DA:328,0
DA:329,0
DA:330,0
DA:333,0
DA:334,0
DA:339,0
DA:340,0
DA:342,0
DA:343,0
DA:344,0
DA:348,0
DA:349,0
DA:357,0
DA:363,0
DA:364,0
DA:366,0
DA:368,0
DA:369,0
DA:372,0
DA:373,0
DA:374,0
DA:377,0
DA:380,0
DA:383,0
DA:414,0
DA:416,0
DA:417,0
DA:418,0
DA:421,0
DA:429,0
DA:430,0
DA:432,0
DA:436,0
DA:439,0
DA:442,0
DA:443,0
DA:444,0
DA:446,0
DA:447,0
DA:449,0
DA:451,0
DA:452,0
DA:453,0
DA:454,0
DA:455,0
DA:456,0
DA:457,0
DA:458,0
DA:463,0
DA:464,0
DA:466,0
DA:471,0
DA:472,0
DA:476,0
DA:479,0
DA:481,0
DA:482,0
DA:483,0
DA:485,0
DA:486,0
DA:489,0
DA:492,0
DA:494,0
DA:504,0
DA:505,0
DA:508,0
DA:509,0
DA:512,0
DA:519,0
DA:522,0
DA:523,0
DA:524,0
DA:526,0
DA:533,0
DA:534,0
DA:535,0
DA:536,0
DA:539,0
DA:540,0
DA:541,0
DA:542,0
DA:544,0
DA:546,0
DA:547,0
DA:549,0
DA:550,0
DA:551,0
DA:553,0
DA:558,0
DA:560,0
DA:563,0
DA:564,0
DA:566,0
DA:567,0
DA:572,0
DA:577,0
DA:579,0
DA:580,0
DA:583,0
DA:584,0
DA:588,0
DA:589,0
DA:590,0
DA:593,0
DA:600,0
DA:602,0
DA:606,0
DA:607,0
DA:608,0
DA:610,0
DA:611,0
DA:616,0
DA:617,0
DA:618,0
DA:619,0
DA:620,0
DA:621,0
DA:623,0
DA:628,0
DA:630,0
DA:631,0
DA:636,0
DA:637,0
DA:639,0
DA:640,0
DA:641,0
DA:642,0
DA:644,0
DA:646,0
DA:647,0
DA:653,0
DA:655,0
DA:656,0
DA:658,0
DA:659,0
DA:663,0
DA:666,0
DA:667,0
DA:668,0
DA:670,0
DA:671,0
DA:676,0
DA:677,0
DA:678,0
DA:680,0
DA:684,0
DA:685,0
DA:692,0
DA:693,0
DA:694,0
DA:697,0
DA:698,0
DA:699,0
DA:702,0
DA:703,0
DA:704,0
DA:705,0
DA:707,0
DA:711,0
DA:712,0
DA:713,0
DA:714,0
DA:715,0
DA:716,0
DA:719,0
DA:720,0
DA:721,0
DA:722,0
DA:723,0
DA:726,0
DA:727,0
DA:731,0
DA:732,0
DA:735,0
DA:736,0
DA:737,0
DA:739,0
DA:745,0
DA:746,0
DA:747,0
DA:748,0
DA:749,0
DA:753,0
DA:754,0
DA:756,0
DA:757,0
DA:760,0
DA:761,0
DA:762,0
DA:763,0
DA:768,0
DA:769,0
DA:770,0
DA:771,0
DA:773,0
DA:774,0
DA:776,0
DA:777,0
DA:778,0
DA:779,0
DA:780,0
DA:781,0
DA:783,0
DA:784,0
DA:787,0
DA:788,0
DA:789,0
DA:790,0
DA:791,0
DA:793,0
DA:794,0
DA:796,0
DA:797,0
DA:799,0
DA:801,0
DA:805,0
DA:806,0
DA:808,0
DA:809,0
DA:810,0
DA:811,0
DA:813,0
DA:814,0
DA:816,0
DA:817,0
DA:819,0
DA:821,0
DA:822,0
DA:824,0
DA:827,0
DA:828,0
DA:829,0
DA:830,0
DA:831,0
DA:832,0
DA:834,0
DA:839,0
DA:840,0
DA:841,0
DA:842,0
DA:843,0
DA:844,0
DA:845,0
DA:846,0
DA:847,0
DA:848,0
DA:849,0
DA:850,0
DA:852,0
DA:856,1
DA:857,1
DA:858,0
DA:860,0
DA:863,1
DA:868,0
DA:869,0
DA:872,0
DA:877,1
DA:878,1
DA:879,0
DA:882,1
DA:887,0
DA:888,0
DA:889,0
DA:890,0
DA:891,0
DA:892,0
DA:896,0
DA:897,0
DA:898,0
DA:900,0
LF:364
LH:15
BRDA:20,0,0,0
BRDA:20,0,1,0
BRDA:22,1,0,0
BRDA:22,1,1,0
BRDA:26,2,0,0
BRDA:26,2,1,0
BRDA:34,3,0,0
BRDA:34,3,1,0
BRDA:34,3,2,0
BRDA:34,3,3,0
BRDA:34,3,4,0
BRDA:34,3,5,0
BRDA:34,3,6,0
BRDA:34,3,7,0
BRDA:34,3,8,0
BRDA:34,3,9,0
BRDA:34,3,10,0
BRDA:34,3,11,0
BRDA:72,4,0,0
BRDA:72,4,1,0
BRDA:74,5,0,0
BRDA:74,5,1,0
BRDA:80,6,0,0
BRDA:80,6,1,0
BRDA:82,7,0,0
BRDA:82,7,1,0
BRDA:90,8,0,0
BRDA:90,8,1,0
BRDA:99,9,0,0
BRDA:99,9,1,0
BRDA:118,10,0,0
BRDA:118,10,1,0
BRDA:119,11,0,0
BRDA:119,11,1,0
BRDA:171,12,0,0
BRDA:171,12,1,0
BRDA:172,13,0,0
BRDA:172,13,1,0
BRDA:199,14,0,0
BRDA:199,14,1,0
BRDA:200,15,0,0
BRDA:200,15,1,0
BRDA:206,16,0,0
BRDA:206,16,1,0
BRDA:230,17,0,0
BRDA:230,17,1,0
BRDA:234,18,0,0
BRDA:234,18,1,0
BRDA:244,19,0,0
BRDA:244,19,1,0
BRDA:244,20,0,0
BRDA:244,20,1,0
BRDA:246,21,0,0
BRDA:246,21,1,0
BRDA:248,22,0,0
BRDA:248,22,1,0
BRDA:250,23,0,0
BRDA:250,23,1,0
BRDA:253,24,0,0
BRDA:253,24,1,0
BRDA:262,25,0,0
BRDA:262,25,1,0
BRDA:262,26,0,0
BRDA:262,26,1,0
BRDA:264,27,0,0
BRDA:264,27,1,0
BRDA:282,28,0,0
BRDA:282,28,1,0
BRDA:294,29,0,0
BRDA:294,29,1,0
BRDA:300,30,0,0
BRDA:300,30,1,0
BRDA:304,31,0,0
BRDA:304,31,1,0
BRDA:312,32,0,0
BRDA:312,32,1,0
BRDA:329,33,0,0
BRDA:329,33,1,0
BRDA:329,34,0,0
BRDA:329,34,1,0
BRDA:333,35,0,0
BRDA:333,35,1,0
BRDA:339,36,0,0
BRDA:339,36,1,0
BRDA:343,37,0,0
BRDA:343,37,1,0
BRDA:363,38,0,0
BRDA:363,38,1,0
BRDA:368,39,0,0
BRDA:368,39,1,0
BRDA:417,40,0,0
BRDA:417,40,1,0
BRDA:429,41,0,0
BRDA:429,41,1,0
BRDA:439,42,0,0
BRDA:439,42,1,0
BRDA:439,43,0,0
BRDA:439,43,1,0
BRDA:442,44,0,0
BRDA:442,44,1,0
BRDA:443,45,0,0
BRDA:443,45,1,0
BRDA:446,46,0,0
BRDA:446,46,1,0
BRDA:452,47,0,0
BRDA:452,47,1,0
BRDA:453,48,0,0
BRDA:453,48,1,0
BRDA:455,49,0,0
BRDA:455,49,1,0
BRDA:457,50,0,0
BRDA:457,50,1,0
BRDA:463,51,0,0
BRDA:463,51,1,0
BRDA:471,52,0,0
BRDA:471,52,1,0
BRDA:485,53,0,0
BRDA:485,53,1,0
BRDA:505,54,0,0
BRDA:505,54,1,0
BRDA:505,55,0,0
BRDA:505,55,1,0
BRDA:509,56,0,0
BRDA:509,56,1,0
BRDA:523,57,0,0
BRDA:523,57,1,0
BRDA:524,58,0,0
BRDA:524,58,1,0
BRDA:533,59,0,0
BRDA:533,59,1,0
BRDA:533,60,0,0
BRDA:533,60,1,0
BRDA:534,61,0,0
BRDA:534,61,1,0
BRDA:535,62,0,0
BRDA:535,62,1,0
BRDA:540,63,0,0
BRDA:540,63,1,0
BRDA:541,64,0,0
BRDA:541,64,1,0
BRDA:546,65,0,0
BRDA:546,65,1,0
BRDA:550,66,0,0
BRDA:550,66,1,0
BRDA:563,67,0,0
BRDA:563,67,1,0
BRDA:563,68,0,0
BRDA:563,68,1,0
BRDA:566,69,0,0
BRDA:566,69,1,0
BRDA:577,70,0,0
BRDA:577,70,1,0
BRDA:577,71,0,0
BRDA:577,71,1,0
BRDA:577,71,2,0
BRDA:579,72,0,0
BRDA:579,72,1,0
BRDA:584,73,0,0
BRDA:584,73,1,0
BRDA:589,74,0,0
BRDA:589,74,1,0
BRDA:602,75,0,0
BRDA:602,75,1,0
BRDA:602,76,0,0
BRDA:602,76,1,0
BRDA:616,77,0,0
BRDA:616,77,1,0
BRDA:616,78,0,0
BRDA:616,78,1,0
BRDA:618,79,0,0
BRDA:618,79,1,0
BRDA:620,80,0,0
BRDA:620,80,1,0
BRDA:620,81,0,0
BRDA:620,81,1,0
BRDA:620,81,2,0
BRDA:630,82,0,0
BRDA:630,82,1,0
BRDA:640,83,0,0
BRDA:640,83,1,0
BRDA:640,84,0,0
BRDA:640,84,1,0
BRDA:640,84,2,0
BRDA:641,85,0,0
BRDA:641,85,1,0
BRDA:646,86,0,0
BRDA:646,86,1,0
BRDA:658,87,0,0
BRDA:658,87,1,0
BRDA:667,88,0,0
BRDA:667,88,1,0
BRDA:667,89,0,0
BRDA:667,89,1,0
BRDA:670,90,0,0
BRDA:670,90,1,0
BRDA:671,91,0,0
BRDA:671,91,1,0
BRDA:677,92,0,0
BRDA:677,92,1,0
BRDA:684,93,0,0
BRDA:684,93,1,0
BRDA:698,94,0,0
BRDA:698,94,1,0
BRDA:702,95,0,0
BRDA:702,95,1,0
BRDA:702,96,0,0
BRDA:702,96,1,0
BRDA:704,97,0,0
BRDA:704,97,1,0
BRDA:711,98,0,0
BRDA:711,98,1,0
BRDA:711,99,0,0
BRDA:711,99,1,0
BRDA:711,99,2,0
BRDA:715,100,0,0
BRDA:715,100,1,0
BRDA:720,101,0,0
BRDA:720,101,1,0
BRDA:720,102,0,0
BRDA:720,102,1,0
BRDA:726,103,0,0
BRDA:726,103,1,0
BRDA:731,104,0,0
BRDA:731,104,1,0
BRDA:736,105,0,0
BRDA:736,105,1,0
BRDA:736,105,2,0
BRDA:746,106,0,0
BRDA:746,106,1,0
BRDA:748,107,0,0
BRDA:748,107,1,0
BRDA:753,108,0,0
BRDA:753,108,1,0
BRDA:760,109,0,0
BRDA:760,109,1,0
BRDA:762,110,0,0
BRDA:762,110,1,0
BRDA:770,111,0,0
BRDA:770,111,1,0
BRDA:770,112,0,0
BRDA:770,112,1,0
BRDA:778,113,0,0
BRDA:778,113,1,0
BRDA:783,114,0,0
BRDA:783,114,1,0
BRDA:791,115,0,0
BRDA:791,115,1,0
BRDA:791,115,2,0
BRDA:805,116,0,0
BRDA:805,116,1,0
BRDA:805,117,0,0
BRDA:805,117,1,0
BRDA:811,118,0,0
BRDA:811,118,1,0
BRDA:811,118,2,0
BRDA:828,119,0,0
BRDA:828,119,1,0
BRDA:831,120,0,0
BRDA:831,120,1,0
BRDA:831,121,0,0
BRDA:831,121,1,0
BRDA:842,122,0,0
BRDA:842,122,1,0
BRDA:857,123,0,0
BRDA:857,123,1,1
BRDA:868,124,0,0
BRDA:868,124,1,0
BRDA:868,125,0,0
BRDA:868,125,1,0
BRDA:878,126,0,0
BRDA:878,126,1,1
BRDA:887,127,0,0
BRDA:887,127,1,0
BRDA:890,128,0,0
BRDA:890,128,1,0
BRDA:891,129,0,0
BRDA:891,129,1,0
BRDA:896,130,0,0
BRDA:896,130,1,0
BRDA:897,131,0,0
BRDA:897,131,1,0
BRF:281
BRH:2
end_of_record
TN:
SF:client/src/apps/player/core/ViewManager.js
FN:18,(anonymous_0)
FN:68,(anonymous_1)
FN:77,(anonymous_2)
FN:86,(anonymous_3)
FN:102,getBoMethod
FN:119,setViewXmlCacheForDebug
FN:125,getViewXmlFromCacheForDebug
FN:129,toFilterableViewProcessor
FN:143,toGridViewProcessor
FN:156,(anonymous_9)
FN:182,(anonymous_10)
FN:235,toDetailViewProcessor
FN:239,(anonymous_12)
FN:248,parseInfo
FN:249,(anonymous_14)
FN:250,(anonymous_15)
FN:265,(anonymous_16)
FN:276,(anonymous_17)
FN:278,(anonymous_18)
FN:286,(anonymous_19)
FN:295,(anonymous_20)
FN:300,(anonymous_21)
FN:301,(anonymous_22)
FN:305,(anonymous_23)
FN:337,(anonymous_24)
FN:366,(anonymous_25)
FN:385,(anonymous_26)
FN:388,(anonymous_27)
FN:401,(anonymous_28)
FN:429,(anonymous_29)
FN:457,(anonymous_30)
FN:473,(anonymous_31)
FN:493,(anonymous_32)
FN:494,(anonymous_33)
FN:505,(anonymous_34)
FN:526,(anonymous_35)
FN:527,(anonymous_36)
FN:532,(anonymous_37)
FN:540,(anonymous_38)
FN:541,(anonymous_39)
FN:565,(anonymous_40)
FN:591,(anonymous_41)
FN:591,(anonymous_42)
FN:643,toDialogViewProcessor
FN:644,(anonymous_44)
FN:674,toFilterViewProcessor
FN:681,(anonymous_46)
FN:685,(anonymous_47)
FN:723,toQuickViewProcessor
FN:726,(anonymous_49)
FN:735,(anonymous_50)
FN:736,(anonymous_51)
FN:747,(anonymous_52)
FN:756,(anonymous_53)
FN:763,(anonymous_54)
FN:767,(anonymous_55)
FN:768,(anonymous_56)
FN:770,(anonymous_57)
FN:786,(anonymous_58)
FN:792,(anonymous_59)
FN:796,(anonymous_60)
FN:811,(anonymous_61)
FN:814,(anonymous_62)
FN:844,toConfigurationViewProcessor
FN:860,(anonymous_64)
FN:864,(anonymous_65)
FN:879,toDialogFormViewProcessor
FN:889,(anonymous_67)
FN:907,(anonymous_68)
FN:929,_parseSpan
FN:940,getTablesMetaForFilterableView
FN:952,getUdfColumnsForFilterableView
FN:960,getViewMeta
FN:971,(anonymous_73)
FN:977,(anonymous_74)
FN:984,(anonymous_75)
FN:1005,(anonymous_76)
FN:1011,(anonymous_77)
FN:1037,asyncCreateView
FN:1051,(anonymous_79)
FN:1063,(anonymous_80)
FN:1068,(anonymous_81)
FN:1089,loadViews
FN:1103,(anonymous_83)
FN:1109,(anonymous_84)
FN:1110,(anonymous_85)
FN:1111,(anonymous_86)
FN:1122,(anonymous_87)
FN:1134,viewLoadProcess
FN:1137,(anonymous_89)
FN:1156,(anonymous_90)
FN:1174,postProcess
FN:1175,(anonymous_92)
FN:1186,(anonymous_93)
FN:1192,(anonymous_94)
FN:1213,(anonymous_95)
FN:1234,(anonymous_96)
FN:1249,_createViewControl
FN:1323,enhanceView
FN:1342,setI18N
FN:1356,(anonymous_100)
FN:1371,getViewTablesAndUdfCategories
FN:1380,(anonymous_102)
FN:1389,setTable
FN:1390,(anonymous_104)
FN:1402,setPermission
FN:1411,(anonymous_106)
FN:1428,cleanCache
FN:1463,getGridViewInfo
FNF:109
FNH:1
FNDA:1,(anonymous_0)
FNDA:0,(anonymous_1)
FNDA:0,(anonymous_2)
FNDA:0,(anonymous_3)
FNDA:0,getBoMethod
FNDA:0,setViewXmlCacheForDebug
FNDA:0,getViewXmlFromCacheForDebug
FNDA:0,toFilterableViewProcessor
FNDA:0,toGridViewProcessor
FNDA:0,(anonymous_9)
FNDA:0,(anonymous_10)
FNDA:0,toDetailViewProcessor
FNDA:0,(anonymous_12)
FNDA:0,parseInfo
FNDA:0,(anonymous_14)
FNDA:0,(anonymous_15)
FNDA:0,(anonymous_16)
FNDA:0,(anonymous_17)
FNDA:0,(anonymous_18)
FNDA:0,(anonymous_19)
FNDA:0,(anonymous_20)
FNDA:0,(anonymous_21)
FNDA:0,(anonymous_22)
FNDA:0,(anonymous_23)
FNDA:0,(anonymous_24)
FNDA:0,(anonymous_25)
FNDA:0,(anonymous_26)
FNDA:0,(anonymous_27)
FNDA:0,(anonymous_28)
FNDA:0,(anonymous_29)
FNDA:0,(anonymous_30)
FNDA:0,(anonymous_31)
FNDA:0,(anonymous_32)
FNDA:0,(anonymous_33)
FNDA:0,(anonymous_34)
FNDA:0,(anonymous_35)
FNDA:0,(anonymous_36)
FNDA:0,(anonymous_37)
FNDA:0,(anonymous_38)
FNDA:0,(anonymous_39)
FNDA:0,(anonymous_40)
FNDA:0,(anonymous_41)
FNDA:0,(anonymous_42)
FNDA:0,toDialogViewProcessor
FNDA:0,(anonymous_44)
FNDA:0,toFilterViewProcessor
FNDA:0,(anonymous_46)
FNDA:0,(anonymous_47)
FNDA:0,toQuickViewProcessor
FNDA:0,(anonymous_49)
FNDA:0,(anonymous_50)
FNDA:0,(anonymous_51)
FNDA:0,(anonymous_52)
FNDA:0,(anonymous_53)
FNDA:0,(anonymous_54)
FNDA:0,(anonymous_55)
FNDA:0,(anonymous_56)
FNDA:0,(anonymous_57)
FNDA:0,(anonymous_58)
FNDA:0,(anonymous_59)
FNDA:0,(anonymous_60)
FNDA:0,(anonymous_61)
FNDA:0,(anonymous_62)
FNDA:0,toConfigurationViewProcessor
FNDA:0,(anonymous_64)
FNDA:0,(anonymous_65)
FNDA:0,toDialogFormViewProcessor
FNDA:0,(anonymous_67)
FNDA:0,(anonymous_68)
FNDA:0,_parseSpan
FNDA:0,getTablesMetaForFilterableView
FNDA:0,getUdfColumnsForFilterableView
FNDA:0,getViewMeta
FNDA:0,(anonymous_73)
FNDA:0,(anonymous_74)
FNDA:0,(anonymous_75)
FNDA:0,(anonymous_76)
FNDA:0,(anonymous_77)
FNDA:0,asyncCreateView
FNDA:0,(anonymous_79)
FNDA:0,(anonymous_80)
FNDA:0,(anonymous_81)
FNDA:0,loadViews
FNDA:0,(anonymous_83)
FNDA:0,(anonymous_84)
FNDA:0,(anonymous_85)
FNDA:0,(anonymous_86)
FNDA:0,(anonymous_87)
FNDA:0,viewLoadProcess
FNDA:0,(anonymous_89)
FNDA:0,(anonymous_90)
FNDA:0,postProcess
FNDA:0,(anonymous_92)
FNDA:0,(anonymous_93)
FNDA:0,(anonymous_94)
FNDA:0,(anonymous_95)
FNDA:0,(anonymous_96)
FNDA:0,_createViewControl
FNDA:0,enhanceView
FNDA:0,setI18N
FNDA:0,(anonymous_100)
FNDA:0,getViewTablesAndUdfCategories
FNDA:0,(anonymous_102)
FNDA:0,setTable
FNDA:0,(anonymous_104)
FNDA:0,setPermission
FNDA:0,(anonymous_106)
FNDA:0,cleanCache
FNDA:0,getGridViewInfo
DA:1,1
DA:35,1
DA:69,0
DA:78,0
DA:87,0
DA:95,1
DA:98,1
DA:100,1
DA:103,0
DA:104,0
DA:105,0
DA:106,0
DA:108,0
DA:120,0
DA:121,0
DA:126,0
DA:130,0
DA:133,0
DA:134,0
DA:135,0
DA:137,0
DA:144,0
DA:145,0
DA:146,0
DA:147,0
DA:148,0
DA:149,0
DA:150,0
DA:152,0
DA:153,0
DA:155,0
DA:156,0
DA:157,0
DA:161,0
DA:164,0
DA:165,0
DA:168,0
DA:169,0
DA:170,0
DA:174,0
DA:175,0
DA:178,0
DA:179,0
DA:182,0
DA:183,0
DA:184,0
DA:185,0
DA:186,0
DA:188,0
DA:192,0
DA:193,0
DA:194,0
DA:197,0
DA:198,0
DA:199,0
DA:203,0
DA:236,0
DA:238,0
DA:239,0
DA:240,0
DA:244,0
DA:245,0
DA:246,0
DA:249,0
DA:250,0
DA:251,0
DA:252,0
DA:253,0
DA:254,0
DA:255,0
DA:259,0
DA:260,0
DA:263,0
DA:264,0
DA:265,0
DA:266,0
DA:267,0
DA:276,0
DA:277,0
DA:278,0
DA:279,0
DA:282,0
DA:286,0
DA:287,0
DA:290,0
DA:291,0
DA:293,0
DA:296,0
DA:298,0
DA:299,0
DA:300,0
DA:301,0
DA:306,0
DA:307,0
DA:310,0
DA:311,0
DA:313,0
DA:315,0
DA:323,0
DA:324,0
DA:328,0
DA:332,0
DA:335,0
DA:338,0
DA:339,0
DA:340,0
DA:341,0
DA:342,0
DA:345,0
DA:349,0
DA:350,0
DA:351,0
DA:353,0
DA:357,0
DA:358,0
DA:361,0
DA:362,0
DA:366,0
DA:367,0
DA:371,0
DA:372,0
DA:375,0
DA:376,0
DA:379,0
DA:381,0
DA:385,0
DA:387,0
DA:388,0
DA:389,0
DA:390,0
DA:391,0
DA:392,0
DA:393,0
DA:394,0
DA:399,0
DA:401,0
DA:403,0
DA:405,0
DA:407,0
DA:408,0
DA:414,0
DA:416,0
DA:417,0
DA:421,0
DA:422,0
DA:425,0
DA:429,0
DA:430,0
DA:436,0
DA:437,0
DA:440,0
DA:441,0
DA:442,0
DA:443,0
DA:446,0
DA:447,0
DA:450,0
DA:451,0
DA:456,0
DA:457,0
DA:458,0
DA:463,0
DA:464,0
DA:467,0
DA:468,0
DA:473,0
DA:474,0
DA:480,0
DA:481,0
DA:483,0
DA:485,0
DA:486,0
DA:489,0
DA:490,0
DA:493,0
DA:494,0
DA:496,0
DA:499,0
DA:501,0
DA:503,0
DA:504,0
DA:505,0
DA:506,0
DA:511,0
DA:512,0
DA:515,0
DA:516,0
DA:521,0
DA:522,0
DA:526,0
DA:527,0
DA:528,0
DA:531,0
DA:532,0
DA:533,0
DA:537,0
DA:538,0
DA:540,0
DA:541,0
DA:543,0
DA:545,0
DA:548,0
DA:552,0
DA:554,0
DA:556,0
DA:561,0
DA:562,0
DA:565,0
DA:566,0
DA:570,0
DA:571,0
DA:574,0
DA:575,0
DA:578,0
DA:579,0
DA:582,0
DA:583,0
DA:586,0
DA:587,0
DA:591,0
DA:593,0
DA:595,0
DA:597,0
DA:600,0
DA:602,0
DA:604,0
DA:605,0
DA:606,0
DA:609,0
DA:611,0
DA:627,0
DA:628,0
DA:631,0
DA:632,0
DA:634,0
DA:644,0
DA:645,0
DA:646,0
DA:647,0
DA:649,0
DA:650,0
DA:652,0
DA:653,0
DA:655,0
DA:656,0
DA:658,0
DA:659,0
DA:661,0
DA:662,0
DA:664,0
DA:665,0
DA:667,0
DA:668,0
DA:670,0
DA:676,0
DA:678,0
DA:679,0
DA:681,0
DA:682,0
DA:685,0
DA:686,0
DA:687,0
DA:688,0
DA:689,0
DA:690,0
DA:691,0
DA:693,0
DA:695,0
DA:696,0
DA:699,0
DA:703,0
DA:708,0
DA:709,0
DA:711,0
DA:724,0
DA:726,0
DA:727,0
DA:730,0
DA:731,0
DA:732,0
DA:735,0
DA:736,0
DA:737,0
DA:738,0
DA:739,0
DA:742,0
DA:743,0
DA:746,0
DA:747,0
DA:748,0
DA:749,0
DA:756,0
DA:757,0
DA:760,0
DA:763,0
DA:764,0
DA:766,0
DA:767,0
DA:768,0
DA:771,0
DA:773,0
DA:774,0
DA:776,0
DA:784,0
DA:787,0
DA:788,0
DA:789,0
DA:792,0
DA:793,0
DA:796,0
DA:797,0
DA:803,0
DA:804,0
DA:807,0
DA:808,0
DA:811,0
DA:812,0
DA:814,0
DA:816,0
DA:818,0
DA:820,0
DA:827,0
DA:828,0
DA:830,0
DA:845,0
DA:847,0
DA:848,0
DA:857,0
DA:858,0
DA:860,0
DA:861,0
DA:864,0
DA:865,0
DA:868,0
DA:880,0
DA:881,0
DA:889,0
DA:890,0
DA:893,0
DA:894,0
DA:897,0
DA:898,0
DA:899,0
DA:901,0
DA:907,0
DA:908,0
DA:909,0
DA:911,0
DA:912,0
DA:913,0
DA:915,0
DA:930,0
DA:931,0
DA:932,0
DA:934,0
DA:938,0
DA:941,0
DA:942,0
DA:943,0
DA:944,0
DA:947,0
DA:948,0
DA:950,0
DA:953,0
DA:954,0
DA:955,0
DA:956,0
DA:957,0
DA:958,0
DA:961,0
DA:962,0
DA:963,0
DA:964,0
DA:965,0
DA:967,0
DA:968,0
DA:969,0
DA:970,0
DA:971,0
DA:976,0
DA:977,0
DA:983,0
DA:984,0
DA:985,0
DA:987,0
DA:988,0
DA:989,0
DA:990,0
DA:994,0
DA:995,0
DA:997,0
DA:998,0
DA:1001,0
DA:1002,0
DA:1003,0
DA:1004,0
DA:1005,0
DA:1010,0
DA:1011,0
DA:1012,0
DA:1013,0
DA:1015,0
DA:1020,0
DA:1021,0
DA:1022,0
DA:1038,0
DA:1039,0
DA:1044,0
DA:1046,0
DA:1050,0
DA:1052,0
DA:1053,0
DA:1054,0
DA:1056,0
DA:1058,0
DA:1060,0
DA:1063,0
DA:1064,0
DA:1069,0
DA:1090,0
DA:1092,0
DA:1093,0
DA:1096,0
DA:1097,0
DA:1099,0
DA:1101,0
DA:1105,0
DA:1106,0
DA:1108,0
DA:1109,0
DA:1110,0
DA:1112,0
DA:1113,0
DA:1116,0
DA:1119,0
DA:1122,0
DA:1123,0
DA:1124,0
DA:1125,0
DA:1126,0
DA:1129,0
DA:1135,0
DA:1137,0
DA:1139,0
DA:1140,0
DA:1142,0
DA:1148,0
DA:1149,0
DA:1150,0
DA:1151,0
DA:1154,0
DA:1155,0
DA:1156,0
DA:1157,0
DA:1158,0
DA:1160,0
DA:1166,0
DA:1170,0
DA:1175,0
DA:1176,0
DA:1177,0
DA:1178,0
DA:1179,0
DA:1182,0
DA:1183,0
DA:1186,0
DA:1187,0
DA:1189,0
DA:1193,0
DA:1195,0
DA:1198,0
DA:1214,0
DA:1217,0
DA:1218,0
DA:1220,0
DA:1222,0
DA:1231,0
DA:1235,0
DA:1236,0
DA:1240,0
DA:1260,0
DA:1261,0
DA:1262,0
DA:1264,0
DA:1266,0
DA:1267,0
DA:1270,0
DA:1273,0
DA:1275,0
DA:1278,0
DA:1279,0
DA:1280,0
DA:1281,0
DA:1282,0
DA:1285,0
DA:1292,0
DA:1313,0
DA:1314,0
DA:1316,0
DA:1317,0
DA:1318,0
DA:1320,0
DA:1324,0
DA:1325,0
DA:1326,0
DA:1327,0
DA:1328,0
DA:1329,0
DA:1330,0
DA:1331,0
DA:1333,0
DA:1334,0
DA:1335,0
DA:1336,0
DA:1337,0
DA:1344,0
DA:1345,0
DA:1346,0
DA:1347,0
DA:1348,0
DA:1349,0
DA:1352,0
DA:1353,0
DA:1354,0
DA:1355,0
DA:1356,0
DA:1361,0
DA:1362,0
DA:1363,0
DA:1366,0
DA:1367,0
DA:1372,0
DA:1373,0
DA:1376,0
DA:1377,0
DA:1378,0
DA:1381,0
DA:1382,0
DA:1386,0
DA:1390,0
DA:1391,0
DA:1392,0
DA:1393,0
DA:1394,0
DA:1395,0
DA:1403,0
DA:1404,0
DA:1405,0
DA:1406,0
DA:1411,0
DA:1412,0
DA:1413,0
DA:1414,0
DA:1415,0
DA:1417,0
DA:1418,0
DA:1419,0
DA:1425,0
DA:1429,0
DA:1464,0
DA:1465,0
DA:1466,0
DA:1467,0
DA:1468,0
DA:1475,0
DA:1478,1
DA:1488,1
DA:1490,1
LF:568
LH:8
BRDA:104,0,0,0
BRDA:104,0,1,0
BRDA:104,0,2,0
BRDA:105,1,0,0
BRDA:105,1,1,0
BRDA:120,2,0,0
BRDA:120,2,1,0
BRDA:120,3,0,0
BRDA:120,3,1,0
BRDA:120,3,2,0
BRDA:120,4,0,0
BRDA:120,4,1,0
BRDA:121,5,0,0
BRDA:121,5,1,0
BRDA:126,6,0,0
BRDA:126,6,1,0
BRDA:155,7,0,0
BRDA:155,7,1,0
BRDA:156,8,0,0
BRDA:156,8,1,0
BRDA:164,9,0,0
BRDA:164,9,1,0
BRDA:165,10,0,0
BRDA:165,10,1,0
BRDA:168,11,0,0
BRDA:168,11,1,0
BRDA:174,12,0,0
BRDA:174,12,1,0
BRDA:175,13,0,0
BRDA:175,13,1,0
BRDA:178,14,0,0
BRDA:178,14,1,0
BRDA:182,15,0,0
BRDA:182,15,1,0
BRDA:183,16,0,0
BRDA:183,16,1,0
BRDA:185,17,0,0
BRDA:185,17,1,0
BRDA:192,18,0,0
BRDA:192,18,1,0
BRDA:192,19,0,0
BRDA:192,19,1,0
BRDA:193,20,0,0
BRDA:193,20,1,0
BRDA:194,21,0,0
BRDA:194,21,1,0
BRDA:197,22,0,0
BRDA:197,22,1,0
BRDA:197,23,0,0
BRDA:197,23,1,0
BRDA:198,24,0,0
BRDA:198,24,1,0
BRDA:199,25,0,0
BRDA:199,25,1,0
BRDA:204,26,0,0
BRDA:204,26,1,0
BRDA:214,27,0,0
BRDA:214,27,1,0
BRDA:216,28,0,0
BRDA:216,28,1,0
BRDA:217,29,0,0
BRDA:217,29,1,0
BRDA:238,30,0,0
BRDA:238,30,1,0
BRDA:239,31,0,0
BRDA:239,31,1,0
BRDA:249,32,0,0
BRDA:249,32,1,0
BRDA:250,33,0,0
BRDA:250,33,1,0
BRDA:251,34,0,0
BRDA:251,34,1,0
BRDA:251,35,0,0
BRDA:251,35,1,0
BRDA:254,36,0,0
BRDA:254,36,1,0
BRDA:259,37,0,0
BRDA:259,37,1,0
BRDA:263,38,0,0
BRDA:263,38,1,0
BRDA:264,39,0,0
BRDA:264,39,1,0
BRDA:266,40,0,0
BRDA:266,40,1,0
BRDA:276,41,0,0
BRDA:276,41,1,0
BRDA:277,42,0,0
BRDA:277,42,1,0
BRDA:291,43,0,0
BRDA:291,43,1,0
BRDA:298,44,0,0
BRDA:298,44,1,0
BRDA:311,45,0,0
BRDA:311,45,1,0
BRDA:311,45,2,0
BRDA:311,45,3,0
BRDA:313,46,0,0
BRDA:313,46,1,0
BRDA:323,47,0,0
BRDA:323,47,1,0
BRDA:328,48,0,0
BRDA:328,48,1,0
BRDA:349,49,0,0
BRDA:349,49,1,0
BRDA:350,50,0,0
BRDA:350,50,1,0
BRDA:357,51,0,0
BRDA:357,51,1,0
BRDA:361,52,0,0
BRDA:361,52,1,0
BRDA:366,53,0,0
BRDA:366,53,1,0
BRDA:366,53,2,0
BRDA:371,54,0,0
BRDA:371,54,1,0
BRDA:371,55,0,0
BRDA:371,55,1,0
BRDA:375,56,0,0
BRDA:375,56,1,0
BRDA:385,57,0,0
BRDA:385,57,1,0
BRDA:387,58,0,0
BRDA:387,58,1,0
BRDA:389,59,0,0
BRDA:389,59,1,0
BRDA:391,60,0,0
BRDA:391,60,1,0
BRDA:393,61,0,0
BRDA:393,61,1,0
BRDA:407,62,0,0
BRDA:407,62,1,0
BRDA:407,63,0,0
BRDA:407,63,1,0
BRDA:421,64,0,0
BRDA:421,64,1,0
BRDA:429,65,0,0
BRDA:429,65,1,0
BRDA:436,66,0,0
BRDA:436,66,1,0
BRDA:436,67,0,0
BRDA:436,67,1,0
BRDA:440,68,0,0
BRDA:440,68,1,0
BRDA:440,69,0,0
BRDA:440,69,1,0
BRDA:442,70,0,0
BRDA:442,70,1,0
BRDA:446,71,0,0
BRDA:446,71,1,0
BRDA:446,72,0,0
BRDA:446,72,1,0
BRDA:456,73,0,0
BRDA:456,73,1,0
BRDA:457,74,0,0
BRDA:457,74,1,0
BRDA:463,75,0,0
BRDA:463,75,1,0
BRDA:463,76,0,0
BRDA:463,76,1,0
BRDA:473,77,0,0
BRDA:473,77,1,0
BRDA:480,78,0,0
BRDA:480,78,1,0
BRDA:480,79,0,0
BRDA:480,79,1,0
BRDA:485,80,0,0
BRDA:485,80,1,0
BRDA:489,81,0,0
BRDA:489,81,1,0
BRDA:493,82,0,0
BRDA:493,82,1,0
BRDA:504,83,0,0
BRDA:504,83,1,0
BRDA:504,84,0,0
BRDA:504,84,1,0
BRDA:504,85,0,0
BRDA:504,85,1,0
BRDA:505,86,0,0
BRDA:505,86,1,0
BRDA:511,87,0,0
BRDA:511,87,1,0
BRDA:511,88,0,0
BRDA:511,88,1,0
BRDA:521,89,0,0
BRDA:521,89,1,0
BRDA:526,90,0,0
BRDA:526,90,1,0
BRDA:531,91,0,0
BRDA:531,91,1,0
BRDA:537,92,0,0
BRDA:537,92,1,0
BRDA:537,93,0,0
BRDA:537,93,1,0
BRDA:540,94,0,0
BRDA:540,94,1,0
BRDA:561,95,0,0
BRDA:561,95,1,0
BRDA:565,96,0,0
BRDA:565,96,1,0
BRDA:570,97,0,0
BRDA:570,97,1,0
BRDA:570,98,0,0
BRDA:570,98,1,0
BRDA:574,99,0,0
BRDA:574,99,1,0
BRDA:578,100,0,0
BRDA:578,100,1,0
BRDA:582,101,0,0
BRDA:582,101,1,0
BRDA:591,102,0,0
BRDA:591,102,1,0
BRDA:605,103,0,0
BRDA:605,103,1,0
BRDA:605,104,0,0
BRDA:605,104,1,0
BRDA:605,104,2,0
BRDA:614,105,0,0
BRDA:614,105,1,0
BRDA:616,106,0,0
BRDA:616,106,1,0
BRDA:616,107,0,0
BRDA:616,107,1,0
BRDA:616,108,0,0
BRDA:616,108,1,0
BRDA:617,109,0,0
BRDA:617,109,1,0
BRDA:627,110,0,0
BRDA:627,110,1,0
BRDA:627,111,0,0
BRDA:627,111,1,0
BRDA:635,112,0,0
BRDA:635,112,1,0
BRDA:646,113,0,0
BRDA:646,113,1,0
BRDA:649,114,0,0
BRDA:649,114,1,0
BRDA:652,115,0,0
BRDA:652,115,1,0
BRDA:655,116,0,0
BRDA:655,116,1,0
BRDA:658,117,0,0
BRDA:658,117,1,0
BRDA:661,118,0,0
BRDA:661,118,1,0
BRDA:664,119,0,0
BRDA:664,119,1,0
BRDA:667,120,0,0
BRDA:667,120,1,0
BRDA:685,121,0,0
BRDA:685,121,1,0
BRDA:687,122,0,0
BRDA:687,122,1,0
BRDA:689,123,0,0
BRDA:689,123,1,0
BRDA:690,124,0,0
BRDA:690,124,1,0
BRDA:690,125,0,0
BRDA:690,125,1,0
BRDA:695,126,0,0
BRDA:695,126,1,0
BRDA:695,127,0,0
BRDA:695,127,1,0
BRDA:712,128,0,0
BRDA:712,128,1,0
BRDA:735,129,0,0
BRDA:735,129,1,0
BRDA:736,130,0,0
BRDA:736,130,1,0
BRDA:737,131,0,0
BRDA:737,131,1,0
BRDA:737,132,0,0
BRDA:737,132,1,0
BRDA:737,132,2,0
BRDA:742,133,0,0
BRDA:742,133,1,0
BRDA:746,134,0,0
BRDA:746,134,1,0
BRDA:748,135,0,0
BRDA:748,135,1,0
BRDA:792,136,0,0
BRDA:792,136,1,0
BRDA:796,137,0,0
BRDA:796,137,1,0
BRDA:803,138,0,0
BRDA:803,138,1,0
BRDA:807,139,0,0
BRDA:807,139,1,0
BRDA:811,140,0,0
BRDA:811,140,1,0
BRDA:831,141,0,0
BRDA:831,141,1,0
BRDA:847,142,0,0
BRDA:847,142,1,0
BRDA:864,143,0,0
BRDA:864,143,1,0
BRDA:869,144,0,0
BRDA:869,144,1,0
BRDA:893,145,0,0
BRDA:893,145,1,0
BRDA:898,146,0,0
BRDA:898,146,1,0
BRDA:898,146,2,0
BRDA:898,146,3,0
BRDA:899,147,0,0
BRDA:899,147,1,0
BRDA:907,148,0,0
BRDA:907,148,1,0
BRDA:916,149,0,0
BRDA:916,149,1,0
BRDA:930,150,0,0
BRDA:930,150,1,0
BRDA:931,151,0,0
BRDA:931,151,1,0
BRDA:943,152,0,0
BRDA:943,152,1,0
BRDA:958,153,0,0
BRDA:958,153,1,0
BRDA:960,154,0,0
BRDA:963,155,0,0
BRDA:963,155,1,0
BRDA:964,156,0,0
BRDA:964,156,1,0
BRDA:965,157,0,0
BRDA:965,157,1,0
BRDA:967,158,0,0
BRDA:967,158,1,0
BRDA:968,159,0,0
BRDA:968,159,1,0
BRDA:989,160,0,0
BRDA:989,160,1,0
BRDA:997,161,0,0
BRDA:997,161,1,0
BRDA:997,162,0,0
BRDA:997,162,1,0
BRDA:1001,163,0,0
BRDA:1001,163,1,0
BRDA:1001,164,0,0
BRDA:1001,164,1,0
BRDA:1003,165,0,0
BRDA:1003,165,1,0
BRDA:1012,166,0,0
BRDA:1012,166,1,0
BRDA:1012,167,0,0
BRDA:1012,167,1,0
BRDA:1022,168,0,0
BRDA:1022,168,1,0
BRDA:1038,169,0,0
BRDA:1038,169,1,0
BRDA:1039,170,0,0
BRDA:1039,170,1,0
BRDA:1040,171,0,0
BRDA:1040,171,1,0
BRDA:1040,171,2,0
BRDA:1042,172,0,0
BRDA:1042,172,1,0
BRDA:1044,173,0,0
BRDA:1044,173,1,0
BRDA:1046,174,0,0
BRDA:1046,174,1,0
BRDA:1052,175,0,0
BRDA:1052,175,1,0
BRDA:1072,176,0,0
BRDA:1072,176,1,0
BRDA:1073,177,0,0
BRDA:1073,177,1,0
BRDA:1074,178,0,0
BRDA:1074,178,1,0
BRDA:1075,179,0,0
BRDA:1075,179,1,0
BRDA:1077,180,0,0
BRDA:1077,180,1,0
BRDA:1090,181,0,0
BRDA:1090,181,1,0
BRDA:1092,182,0,0
BRDA:1092,182,1,0
BRDA:1096,183,0,0
BRDA:1096,183,1,0
BRDA:1099,184,0,0
BRDA:1099,184,1,0
BRDA:1105,185,0,0
BRDA:1105,185,1,0
BRDA:1105,186,0,0
BRDA:1105,186,1,0
BRDA:1112,187,0,0
BRDA:1112,187,1,0
BRDA:1112,188,0,0
BRDA:1112,188,1,0
BRDA:1112,188,2,0
BRDA:1124,189,0,0
BRDA:1124,189,1,0
BRDA:1135,190,0,0
BRDA:1135,190,1,0
BRDA:1139,191,0,0
BRDA:1139,191,1,0
BRDA:1144,192,0,0
BRDA:1144,192,1,0
BRDA:1144,193,0,0
BRDA:1144,193,1,0
BRDA:1148,194,0,0
BRDA:1148,194,1,0
BRDA:1150,195,0,0
BRDA:1150,195,1,0
BRDA:1155,196,0,0
BRDA:1155,196,1,0
BRDA:1162,197,0,0
BRDA:1162,197,1,0
BRDA:1162,198,0,0
BRDA:1162,198,1,0
BRDA:1176,199,0,0
BRDA:1176,199,1,0
BRDA:1176,200,0,0
BRDA:1176,200,1,0
BRDA:1178,201,0,0
BRDA:1178,201,1,0
BRDA:1182,202,0,0
BRDA:1182,202,1,0
BRDA:1193,203,0,0
BRDA:1193,203,1,0
BRDA:1193,204,0,0
BRDA:1193,204,1,0
BRDA:1217,205,0,0
BRDA:1217,205,1,0
BRDA:1218,206,0,0
BRDA:1218,206,1,0
BRDA:1218,207,0,0
BRDA:1218,207,1,0
BRDA:1220,208,0,0
BRDA:1220,208,1,0
BRDA:1220,209,0,0
BRDA:1220,209,1,0
BRDA:1235,210,0,0
BRDA:1235,210,1,0
BRDA:1261,211,0,0
BRDA:1261,211,1,0
BRDA:1266,212,0,0
BRDA:1266,212,1,0
BRDA:1275,213,0,0
BRDA:1275,213,1,0
BRDA:1275,214,0,0
BRDA:1275,214,1,0
BRDA:1279,215,0,0
BRDA:1279,215,1,0
BRDA:1279,216,0,0
BRDA:1279,216,1,0
BRDA:1280,217,0,0
BRDA:1280,217,1,0
BRDA:1281,218,0,0
BRDA:1281,218,1,0
BRDA:1281,219,0,0
BRDA:1281,219,1,0
BRDA:1288,220,0,0
BRDA:1288,220,1,0
BRDA:1309,221,0,0
BRDA:1309,221,1,0
BRDA:1313,222,0,0
BRDA:1313,222,1,0
BRDA:1316,223,0,0
BRDA:1316,223,1,0
BRDA:1316,223,2,0
BRDA:1324,224,0,0
BRDA:1324,224,1,0
BRDA:1333,225,0,0
BRDA:1333,225,1,0
BRDA:1336,226,0,0
BRDA:1336,226,1,0
BRDA:1352,227,0,0
BRDA:1352,227,1,0
BRDA:1352,228,0,0
BRDA:1352,228,1,0
BRDA:1354,229,0,0
BRDA:1354,229,1,0
BRDA:1366,230,0,0
BRDA:1366,230,1,0
BRDA:1372,231,0,0
BRDA:1372,231,1,0
BRDA:1377,232,0,0
BRDA:1377,232,1,0
BRDA:1391,233,0,0
BRDA:1391,233,1,0
BRDA:1391,234,0,0
BRDA:1391,234,1,0
BRDA:1405,235,0,0
BRDA:1405,235,1,0
BRDA:1405,236,0,0
BRDA:1405,236,1,0
BRDA:1412,237,0,0
BRDA:1412,237,1,0
BRDA:1413,238,0,0
BRDA:1413,238,1,0
BRDA:1417,239,0,0
BRDA:1417,239,1,0
BRDA:1467,240,0,0
BRDA:1467,240,1,0
BRF:493
BRH:0
end_of_record
TN:
SF:client/src/apps/player/core/constants.js
FN:1,(anonymous_0)
FNF:1
FNH:1
FNDA:1,(anonymous_0)
DA:1,1
DA:2,1
LF:2
LH:2
BRF:0
BRH:0
end_of_record
TN:
SF:client/src/apps/player/widget/BaseControlWidget.js
FN:19,(anonymous_0)
FN:23,containsValue
FN:182,(anonymous_2)
FN:185,(anonymous_3)
FN:196,(anonymous_4)
FN:203,(anonymous_5)
FN:237,(anonymous_6)
FN:246,(anonymous_7)
FN:259,(anonymous_8)
FN:269,(anonymous_9)
FN:273,(anonymous_10)
FN:278,(anonymous_11)
FN:282,(anonymous_12)
FN:284,(anonymous_13)
FN:296,(anonymous_14)
FN:314,(anonymous_15)
FN:329,(anonymous_16)
FN:337,(anonymous_17)
FN:357,(anonymous_18)
FN:369,(anonymous_19)
FN:370,(anonymous_20)
FN:409,(anonymous_21)
FN:438,(anonymous_22)
FN:455,(anonymous_23)
FN:466,(anonymous_24)
FN:510,(anonymous_25)
FN:522,(anonymous_26)
FN:534,(anonymous_27)
FN:538,(anonymous_28)
FN:551,(anonymous_29)
FN:566,(anonymous_30)
FN:568,(anonymous_31)
FN:588,(anonymous_32)
FN:589,(anonymous_33)
FN:611,(anonymous_34)
FN:634,(anonymous_35)
FN:644,(anonymous_36)
FN:652,(anonymous_37)
FN:656,(anonymous_38)
FN:673,(anonymous_39)
FN:677,(anonymous_40)
FN:679,(anonymous_41)
FN:688,(anonymous_42)
FN:690,(anonymous_43)
FN:692,(anonymous_44)
FN:720,(anonymous_45)
FN:732,(anonymous_46)
FN:736,(anonymous_47)
FN:740,(anonymous_48)
FN:751,(anonymous_49)
FN:758,(anonymous_50)
FN:775,(anonymous_51)
FN:781,(anonymous_52)
FN:789,(anonymous_53)
FN:812,(anonymous_54)
FN:818,(anonymous_55)
FNF:56
FNH:4
FNDA:1,(anonymous_0)
FNDA:0,containsValue
FNDA:11,(anonymous_2)
FNDA:1,(anonymous_3)
FNDA:0,(anonymous_4)
FNDA:0,(anonymous_5)
FNDA:0,(anonymous_6)
FNDA:0,(anonymous_7)
FNDA:0,(anonymous_8)
FNDA:0,(anonymous_9)
FNDA:0,(anonymous_10)
FNDA:1,(anonymous_11)
FNDA:0,(anonymous_12)
FNDA:0,(anonymous_13)
FNDA:0,(anonymous_14)
FNDA:0,(anonymous_15)
FNDA:0,(anonymous_16)
FNDA:0,(anonymous_17)
FNDA:0,(anonymous_18)
FNDA:0,(anonymous_19)
FNDA:0,(anonymous_20)
FNDA:0,(anonymous_21)
FNDA:0,(anonymous_22)
FNDA:0,(anonymous_23)
FNDA:0,(anonymous_24)
FNDA:0,(anonymous_25)
FNDA:0,(anonymous_26)
FNDA:0,(anonymous_27)
FNDA:0,(anonymous_28)
FNDA:0,(anonymous_29)
FNDA:0,(anonymous_30)
FNDA:0,(anonymous_31)
FNDA:0,(anonymous_32)
FNDA:0,(anonymous_33)
FNDA:0,(anonymous_34)
FNDA:0,(anonymous_35)
FNDA:0,(anonymous_36)
FNDA:0,(anonymous_37)
FNDA:0,(anonymous_38)
FNDA:0,(anonymous_39)
FNDA:0,(anonymous_40)
FNDA:0,(anonymous_41)
FNDA:0,(anonymous_42)
FNDA:0,(anonymous_43)
FNDA:0,(anonymous_44)
FNDA:0,(anonymous_45)
FNDA:0,(anonymous_46)
FNDA:0,(anonymous_47)
FNDA:0,(anonymous_48)
FNDA:0,(anonymous_49)
FNDA:0,(anonymous_50)
FNDA:0,(anonymous_51)
FNDA:0,(anonymous_52)
FNDA:0,(anonymous_53)
FNDA:0,(anonymous_54)
FNDA:0,(anonymous_55)
DA:1,1
DA:21,1
DA:24,0
DA:25,0
DA:26,0
DA:30,0
DA:33,1
DA:183,11
DA:186,1
DA:187,0
DA:188,0
DA:190,1
DA:191,0
DA:192,0
DA:197,0
DA:198,0
DA:199,0
DA:204,0
DA:205,0
DA:208,0
DA:209,0
DA:210,0
DA:212,0
DA:213,0
DA:217,0
DA:218,0
DA:219,0
DA:220,0
DA:221,0
DA:225,0
DA:226,0
DA:227,0
DA:228,0
DA:232,0
DA:234,0
DA:238,0
DA:239,0
DA:240,0
DA:243,0
DA:247,0
DA:248,0
DA:249,0
DA:250,0
DA:260,0
DA:261,0
DA:262,0
DA:265,0
DA:270,0
DA:275,0
DA:279,1
DA:283,0
DA:284,0
DA:285,0
DA:286,0
DA:287,0
DA:290,0
DA:297,0
DA:298,0
DA:299,0
DA:300,0
DA:301,0
DA:303,0
DA:304,0
DA:305,0
DA:306,0
DA:308,0
DA:310,0
DA:315,0
DA:316,0
DA:317,0
DA:318,0
DA:319,0
DA:322,0
DA:323,0
DA:330,0
DA:333,0
DA:338,0
DA:339,0
DA:341,0
DA:342,0
DA:344,0
DA:345,0
DA:346,0
DA:347,0
DA:350,0
DA:351,0
DA:354,0
DA:358,0
DA:359,0
DA:360,0
DA:361,0
DA:362,0
DA:366,0
DA:370,0
DA:371,0
DA:372,0
DA:373,0
DA:374,0
DA:375,0
DA:376,0
DA:378,0
DA:380,0
DA:381,0
DA:382,0
DA:383,0
DA:384,0
DA:385,0
DA:386,0
DA:388,0
DA:389,0
DA:391,0
DA:393,0
DA:394,0
DA:395,0
DA:399,0
DA:410,0
DA:412,0
DA:424,0
DA:425,0
DA:427,0
DA:429,0
DA:430,0
DA:432,0
DA:433,0
DA:435,0
DA:440,0
DA:441,0
DA:445,0
DA:448,0
DA:450,0
DA:456,0
DA:457,0
DA:460,0
DA:461,0
DA:463,0
DA:468,0
DA:469,0
DA:471,0
DA:472,0
DA:473,0
DA:474,0
DA:475,0
DA:476,0
DA:477,0
DA:479,0
DA:480,0
DA:482,0
DA:483,0
DA:486,0
DA:487,0
DA:490,0
DA:491,0
DA:493,0
DA:494,0
DA:496,0
DA:497,0
DA:500,0
DA:501,0
DA:504,0
DA:505,0
DA:506,0
DA:507,0
DA:511,0
DA:516,0
DA:517,0
DA:519,0
DA:523,0
DA:526,0
DA:527,0
DA:528,0
DA:529,0
DA:531,0
DA:535,0
DA:539,0
DA:545,0
DA:546,0
DA:548,0
DA:552,0
DA:553,0
DA:554,0
DA:556,0
DA:557,0
DA:558,0
DA:560,0
DA:569,0
DA:571,0
DA:574,0
DA:575,0
DA:576,0
DA:577,0
DA:578,0
DA:579,0
DA:581,0
DA:582,0
DA:583,0
DA:589,0
DA:590,0
DA:591,0
DA:592,0
DA:593,0
DA:595,0
DA:596,0
DA:597,0
DA:598,0
DA:601,0
DA:611,0
DA:612,0
DA:613,0
DA:634,0
DA:636,0
DA:637,0
DA:638,0
DA:645,0
DA:646,0
DA:647,0
DA:649,0
DA:653,0
DA:657,0
DA:658,0
DA:659,0
DA:660,0
DA:662,0
DA:665,0
DA:668,0
DA:669,0
DA:674,0
DA:678,0
DA:680,0
DA:681,0
DA:685,0
DA:693,0
DA:694,0
DA:695,0
DA:696,0
DA:697,0
DA:700,0
DA:701,0
DA:708,0
DA:709,0
DA:711,0
DA:713,0
DA:715,0
DA:717,0
DA:721,0
DA:722,0
DA:724,0
DA:725,0
DA:726,0
DA:727,0
DA:733,0
DA:737,0
DA:741,0
DA:742,0
DA:743,0
DA:744,0
DA:746,0
DA:747,0
DA:752,0
DA:753,0
DA:754,0
DA:759,0
DA:760,0
DA:761,0
DA:764,0
DA:765,0
DA:772,1
DA:774,1
DA:775,1
DA:776,0
DA:777,0
DA:781,1
DA:782,0
DA:783,0
DA:785,0
DA:790,0
DA:798,0
DA:799,0
DA:800,0
DA:801,0
DA:802,0
DA:804,0
DA:812,1
DA:813,0
DA:814,0
DA:815,0
DA:816,0
DA:817,0
DA:818,0
DA:819,0
DA:820,0
DA:822,0
DA:825,0
DA:827,0
DA:830,0
DA:834,0
DA:837,1
LF:296
LH:13
BRDA:25,0,0,0
BRDA:25,0,1,0
BRDA:186,1,0,0
BRDA:186,1,1,1
BRDA:190,2,0,0
BRDA:190,2,1,1
BRDA:198,3,0,0
BRDA:198,3,1,0
BRDA:204,4,0,0
BRDA:204,4,1,0
BRDA:204,5,0,0
BRDA:204,5,1,0
BRDA:204,5,2,0
BRDA:212,6,0,0
BRDA:212,6,1,0
BRDA:217,7,0,0
BRDA:217,7,1,0
BRDA:219,8,0,0
BRDA:219,8,1,0
BRDA:219,9,0,0
BRDA:219,9,1,0
BRDA:219,9,2,0
BRDA:221,10,0,0
BRDA:221,10,1,0
BRDA:221,10,2,0
BRDA:225,11,0,0
BRDA:225,11,1,0
BRDA:227,12,0,0
BRDA:227,12,1,0
BRDA:227,13,0,0
BRDA:227,13,1,0
BRDA:227,13,2,0
BRDA:239,14,0,0
BRDA:239,14,1,0
BRDA:239,15,0,0
BRDA:239,15,1,0
BRDA:247,16,0,0
BRDA:247,16,1,0
BRDA:249,17,0,0
BRDA:249,17,1,0
BRDA:261,18,0,0
BRDA:261,18,1,0
BRDA:261,19,0,0
BRDA:261,19,1,0
BRDA:275,20,0,0
BRDA:275,20,1,0
BRDA:283,21,0,0
BRDA:283,21,1,0
BRDA:283,22,0,0
BRDA:283,22,1,0
BRDA:283,22,2,0
BRDA:285,23,0,0
BRDA:285,23,1,0
BRDA:286,24,0,0
BRDA:286,24,1,0
BRDA:286,25,0,0
BRDA:286,25,1,0
BRDA:298,26,0,0
BRDA:298,26,1,0
BRDA:304,27,0,0
BRDA:304,27,1,0
BRDA:316,28,0,0
BRDA:316,28,1,0
BRDA:316,29,0,0
BRDA:316,29,1,0
BRDA:317,30,0,0
BRDA:317,30,1,0
BRDA:318,31,0,0
BRDA:318,31,1,0
BRDA:322,32,0,0
BRDA:322,32,1,0
BRDA:344,33,0,0
BRDA:344,33,1,0
BRDA:345,34,0,0
BRDA:345,34,1,0
BRDA:345,35,0,0
BRDA:345,35,1,0
BRDA:345,35,2,0
BRDA:346,36,0,0
BRDA:346,36,1,0
BRDA:346,37,0,0
BRDA:346,37,1,0
BRDA:350,38,0,0
BRDA:350,38,1,0
BRDA:350,39,0,0
BRDA:350,39,1,0
BRDA:350,39,2,0
BRDA:359,40,0,0
BRDA:359,40,1,0
BRDA:361,41,0,0
BRDA:361,41,1,0
BRDA:372,42,0,0
BRDA:372,42,1,0
BRDA:372,43,0,0
BRDA:372,43,1,0
BRDA:380,44,0,0
BRDA:380,44,1,0
BRDA:382,45,0,0
BRDA:382,45,1,0
BRDA:382,46,0,0
BRDA:382,46,1,0
BRDA:385,47,0,0
BRDA:385,47,1,0
BRDA:389,48,0,0
BRDA:389,48,1,0
BRDA:389,49,0,0
BRDA:389,49,1,0
BRDA:389,49,2,0
BRDA:389,49,3,0
BRDA:394,50,0,0
BRDA:394,50,1,0
BRDA:394,51,0,0
BRDA:394,51,1,0
BRDA:394,51,2,0
BRDA:402,52,0,0
BRDA:402,52,1,0
BRDA:410,53,0,0
BRDA:410,53,1,0
BRDA:410,54,0,0
BRDA:410,54,1,0
BRDA:424,55,0,0
BRDA:424,55,1,0
BRDA:448,56,0,0
BRDA:448,56,1,0
BRDA:456,57,0,0
BRDA:456,57,1,0
BRDA:475,58,0,0
BRDA:475,58,1,0
BRDA:476,59,0,0
BRDA:476,59,1,0
BRDA:476,60,0,0
BRDA:476,60,1,0
BRDA:479,61,0,0
BRDA:479,61,1,0
BRDA:482,62,0,0
BRDA:482,62,1,0
BRDA:486,63,0,0
BRDA:486,63,1,0
BRDA:486,64,0,0
BRDA:486,64,1,0
BRDA:487,65,0,0
BRDA:487,65,1,0
BRDA:490,66,0,0
BRDA:490,66,1,0
BRDA:490,67,0,0
BRDA:490,67,1,0
BRDA:493,68,0,0
BRDA:493,68,1,0
BRDA:496,69,0,0
BRDA:496,69,1,0
BRDA:500,70,0,0
BRDA:500,70,1,0
BRDA:500,71,0,0
BRDA:500,71,1,0
BRDA:501,72,0,0
BRDA:501,72,1,0
BRDA:540,73,0,0
BRDA:540,73,1,0
BRDA:556,74,0,0
BRDA:556,74,1,0
BRDA:556,75,0,0
BRDA:556,75,1,0
BRDA:556,75,2,0
BRDA:556,75,3,0
BRDA:569,76,0,0
BRDA:569,76,1,0
BRDA:569,77,0,0
BRDA:569,77,1,0
BRDA:578,78,0,0
BRDA:578,78,1,0
BRDA:578,79,0,0
BRDA:578,79,1,0
BRDA:581,80,0,0
BRDA:581,80,1,0
BRDA:581,81,0,0
BRDA:581,81,1,0
BRDA:581,81,2,0
BRDA:582,82,0,0
BRDA:582,82,1,0
BRDA:582,83,0,0
BRDA:582,83,1,0
BRDA:590,84,0,0
BRDA:590,84,1,0
BRDA:591,85,0,0
BRDA:591,85,1,0
BRDA:595,86,0,0
BRDA:595,86,1,0
BRDA:597,87,0,0
BRDA:597,87,1,0
BRDA:612,88,0,0
BRDA:612,88,1,0
BRDA:622,89,0,0
BRDA:622,89,1,0
BRDA:636,90,0,0
BRDA:636,90,1,0
BRDA:646,91,0,0
BRDA:646,91,1,0
BRDA:647,92,0,0
BRDA:647,92,1,0
BRDA:657,93,0,0
BRDA:657,93,1,0
BRDA:659,94,0,0
BRDA:659,94,1,0
BRDA:668,95,0,0
BRDA:668,95,1,0
BRDA:696,96,0,0
BRDA:696,96,1,0
BRDA:700,97,0,0
BRDA:700,97,1,0
BRDA:725,98,0,0
BRDA:725,98,1,0
BRDA:726,99,0,0
BRDA:726,99,1,0
BRDA:726,100,0,0
BRDA:726,100,1,0
BRDA:742,101,0,0
BRDA:742,101,1,0
BRDA:744,102,0,0
BRDA:744,102,1,0
BRDA:744,102,2,0
BRDA:746,103,0,0
BRDA:746,103,1,0
BRDA:753,104,0,0
BRDA:753,104,1,0
BRDA:759,105,0,0
BRDA:759,105,1,0
BRDA:760,106,0,0
BRDA:760,106,1,0
BRDA:764,107,0,0
BRDA:764,107,1,0
BRDA:776,108,0,0
BRDA:776,108,1,0
BRDA:782,109,0,0
BRDA:782,109,1,0
BRDA:798,110,0,0
BRDA:798,110,1,0
BRDA:801,111,0,0
BRDA:801,111,1,0
BRDA:817,112,0,0
BRDA:817,112,1,0
BRDA:819,113,0,0
BRDA:819,113,1,0
BRDA:822,114,0,0
BRDA:822,114,1,0
BRDA:822,115,0,0
BRDA:822,115,1,0
BRDA:822,115,2,0
BRF:247
BRH:2
end_of_record
TN:
SF:client/src/apps/player/widget/BaseFragment.js
FN:4,(anonymous_0)
FN:45,(anonymous_1)
FN:48,(anonymous_2)
FN:51,(anonymous_3)
FNF:4
FNH:2
FNDA:1,(anonymous_0)
FNDA:17,(anonymous_1)
FNDA:0,(anonymous_2)
FNDA:0,(anonymous_3)
DA:1,1
DA:11,1
DA:46,17
DA:49,0
LF:4
LH:3
BRF:0
BRH:0
end_of_record
TN:
SF:client/src/apps/player/widget/BaseWidget.js
FN:5,(anonymous_0)
FN:74,(anonymous_1)
FN:85,(anonymous_2)
FN:108,(anonymous_3)
FN:111,(anonymous_4)
FNF:5
FNH:2
FNDA:1,(anonymous_0)
FNDA:11,(anonymous_1)
FNDA:0,(anonymous_2)
FNDA:0,(anonymous_3)
FNDA:0,(anonymous_4)
DA:1,1
DA:11,1
DA:74,1
DA:75,11
DA:77,11
DA:85,1
DA:86,0
DA:87,0
DA:89,0
DA:90,0
DA:92,0
DA:93,0
DA:96,0
DA:100,0
DA:102,0
DA:108,1
DA:109,0
DA:111,1
DA:112,0
DA:116,1
LF:20
LH:9
BRDA:86,0,0,0
BRDA:86,0,1,0
BRDA:86,1,0,0
BRDA:86,1,1,0
BRDA:92,2,0,0
BRDA:92,2,1,0
BRDA:103,3,0,0
BRDA:103,3,1,0
BRF:8
BRH:0
end_of_record
TN:
SF:client/src/apps/player/widget/CoreWidget.js
FN:7,(anonymous_0)
[...]
FNDA:0,(anonymous_145)
FNDA:0,(anonymous_146)
FNDA:0,(anonymous_147)
FNDA:0,(anonymous_148)
FNDA:1,(anonymous_149)
FNDA:1,(anonymous_150)
FNDA:2,(anonymous_151)
FNDA:4,(anonymous_152)
FNDA:2,(anonymous_153)
FNDA:1,(anonymous_154)
FNDA:1,(anonymous_155)
FNDA:3,(anonymous_156)
DA:2,1
DA:38,1
DA:39,1
DA:42,1
DA:44,1
DA:45,1
DA:47,1
DA:53,1
DA:56,0
DA:57,0
DA:66,1
DA:77,0
DA:78,0
DA:80,0
DA:82,0
DA:84,0
DA:94,1
DA:304,0
DA:305,0
DA:307,0
DA:308,0
DA:309,0
DA:310,0
DA:311,0
DA:312,0
DA:315,1
DA:316,17
DA:317,17
DA:319,17
DA:320,17
DA:321,17
DA:322,17
DA:323,17
DA:325,17
DA:344,17
DA:345,17
DA:348,17
DA:349,17
DA:350,17
DA:352,17
DA:353,17
DA:354,17
DA:356,1
DA:357,0
DA:360,1
DA:361,0
DA:362,0
DA:363,0
DA:365,0
DA:367,1
DA:368,0
DA:370,1
DA:371,0
DA:373,1
DA:374,0
DA:375,0
DA:376,0
DA:377,0
DA:378,0
DA:382,1
DA:383,0
DA:385,0
DA:386,0
DA:389,0
DA:390,0
DA:392,0
DA:393,0
DA:394,0
DA:395,0
DA:396,0
DA:401,1
DA:402,0
DA:403,0
DA:404,0
DA:405,0
DA:406,0
DA:407,0
DA:415,1
DA:416,0
DA:417,0
DA:418,0
DA:421,0
DA:422,0
DA:430,0
DA:432,0
DA:434,0
DA:435,0
DA:436,0
DA:437,0
DA:439,0
DA:442,0
DA:443,0
DA:444,0
DA:445,0
DA:446,0
DA:448,0
DA:452,1
DA:453,0
DA:456,1
DA:457,0
DA:459,0
DA:460,0
DA:462,0
DA:463,0
DA:464,0
DA:465,0
DA:467,0
DA:468,0
DA:472,0
DA:476,0
DA:478,0
DA:479,0
DA:483,1
DA:484,0
DA:485,0
DA:486,0
DA:487,0
DA:488,0
DA:490,0
DA:491,0
DA:492,0
DA:494,0
DA:495,0
DA:496,0
DA:497,0
DA:500,0
DA:501,0
DA:504,0
DA:507,0
DA:508,0
DA:512,0
DA:513,0
DA:515,0
DA:516,0
DA:521,0
DA:525,1
DA:526,2
DA:527,2
DA:529,2
DA:530,1
DA:531,1
DA:535,1
DA:537,1
DA:542,1
DA:543,1
DA:544,0
DA:547,1
DA:548,1
DA:550,1
DA:551,1
DA:552,1
DA:553,1
DA:557,1
DA:559,0
DA:560,0
DA:561,0
DA:562,0
DA:563,0
DA:564,0
DA:569,0
DA:570,0
DA:576,1
DA:577,1
DA:578,1
DA:579,1
DA:580,1
DA:581,3
DA:582,3
DA:583,3
DA:584,3
DA:585,3
DA:586,6
DA:587,1
DA:588,1
DA:596,1
DA:597,1
DA:598,1
DA:599,0
DA:601,1
DA:602,1
DA:604,2
DA:605,1
DA:606,2
DA:607,2
DA:608,5
DA:609,4
DA:610,1
DA:611,1
DA:612,1
DA:614,0
DA:618,1
DA:620,1
DA:621,1
DA:622,1
DA:624,1
DA:627,1
DA:628,2
DA:629,1
DA:630,1
DA:631,1
DA:635,1
DA:636,2
DA:637,2
DA:638,0
DA:640,2
DA:641,2
DA:642,2
DA:644,0
DA:648,2
DA:649,4
DA:650,0
DA:651,0
DA:653,4
DA:657,2
DA:660,2
DA:661,10
DA:662,8
DA:665,2
DA:666,2
DA:667,2
DA:669,2
DA:672,1
DA:673,2
DA:675,2
DA:676,4
DA:677,4
DA:681,2
DA:682,2
DA:683,2
DA:684,10
DA:686,6
DA:688,6
DA:691,2
DA:695,1
DA:696,6
DA:697,6
DA:698,6
DA:699,6
DA:700,6
DA:701,30
DA:702,12
DA:703,6
DA:704,6
DA:705,12
DA:707,12
DA:709,12
DA:710,4
DA:711,4
DA:713,8
DA:715,12
DA:717,6
DA:718,6
DA:721,1
DA:722,1
DA:727,1
DA:728,1
DA:729,1
DA:732,1
DA:733,0
DA:740,1
DA:741,1
DA:742,1
DA:749,1
DA:750,1
DA:751,1
DA:752,1
DA:754,1
DA:755,1
DA:758,1
DA:759,1
DA:761,1
DA:762,1
DA:763,1
DA:764,1
DA:769,1
DA:770,0
DA:771,0
DA:773,0
DA:775,1
DA:776,0
DA:777,0
DA:779,0
DA:781,1
DA:782,0
DA:783,0
DA:785,0
DA:787,1
DA:788,0
DA:790,0
DA:792,0
DA:793,0
DA:796,0
DA:798,1
DA:799,0
DA:803,1
DA:804,0
DA:805,0
DA:806,0
DA:807,0
DA:808,0
DA:809,0
DA:810,0
DA:813,0
DA:814,0
DA:815,0
DA:816,0
DA:821,0
DA:822,0
DA:823,0
DA:828,1
DA:829,0
DA:830,0
DA:831,0
DA:833,0
DA:835,0
DA:837,0
DA:838,0
DA:841,0
DA:847,0
DA:848,0
DA:849,0
DA:850,0
DA:853,1
DA:854,0
DA:855,0
DA:856,0
DA:857,0
DA:859,0
DA:860,0
DA:861,0
DA:864,0
DA:865,0
DA:866,0
DA:868,0
DA:873,0
DA:874,0
DA:875,0
DA:877,0
DA:878,0
DA:879,0
DA:880,0
DA:882,0
DA:883,0
DA:887,0
DA:888,0
DA:889,0
DA:892,0
DA:893,0
DA:894,0
DA:898,0
DA:899,0
DA:901,0
DA:904,0
DA:907,0
DA:911,0
DA:912,0
DA:913,0
DA:915,0
DA:916,0
DA:918,0
DA:920,0
DA:928,0
DA:934,0
DA:940,0
DA:942,0
DA:947,0
DA:966,0
DA:967,0
DA:968,0
DA:969,0
DA:973,0
DA:974,0
DA:983,0
DA:984,0
DA:987,0
DA:989,0
DA:990,0
DA:992,0
DA:994,0
DA:1003,0
DA:1004,0
DA:1008,0
DA:1009,0
DA:1010,0
DA:1017,0
DA:1018,0
DA:1023,0
DA:1024,0
DA:1029,0
DA:1030,0
DA:1031,0
DA:1033,0
DA:1035,0
DA:1036,0
DA:1037,0
DA:1043,0
DA:1044,0
DA:1045,0
DA:1046,0
DA:1047,0
DA:1048,0
DA:1049,0
DA:1050,0
DA:1051,0
DA:1052,0
DA:1057,0
DA:1059,0
DA:1060,0
DA:1061,0
DA:1062,0
DA:1063,0
DA:1066,0
DA:1067,0
DA:1068,0
DA:1069,0
DA:1070,0
DA:1077,0
DA:1078,0
DA:1079,0
DA:1082,0
DA:1084,0
DA:1085,0
DA:1086,0
DA:1089,0
DA:1090,0
DA:1091,0
DA:1092,0
DA:1093,0
DA:1094,0
DA:1096,0
DA:1097,0
DA:1101,0
DA:1102,0
DA:1105,1
DA:1106,0
DA:1119,0
DA:1122,1
DA:1123,0
DA:1124,0
DA:1125,0
DA:1127,0
DA:1128,0
DA:1129,0
DA:1131,0
DA:1133,0
DA:1134,0
DA:1135,0
DA:1136,0
DA:1138,0
DA:1142,1
DA:1143,0
DA:1144,0
DA:1145,0
DA:1147,0
DA:1149,1
DA:1150,0
DA:1151,0
DA:1153,0
DA:1155,1
DA:1156,0
DA:1157,0
DA:1159,0
DA:1160,0
DA:1162,0
DA:1163,0
DA:1164,0
DA:1165,0
DA:1166,0
DA:1167,0
DA:1171,1
DA:1172,0
DA:1174,1
DA:1175,0
DA:1176,0
DA:1177,0
DA:1179,0
DA:1180,0
DA:1181,0
DA:1182,0
DA:1183,0
DA:1186,0
DA:1188,0
DA:1190,0
DA:1191,0
DA:1193,0
DA:1195,0
DA:1196,0
DA:1197,0
DA:1199,0
DA:1200,0
DA:1201,0
DA:1212,0
DA:1216,0
DA:1219,1
DA:1220,0
DA:1221,0
DA:1222,0
DA:1223,0
DA:1225,0
DA:1226,0
DA:1227,0
DA:1228,0
DA:1229,0
DA:1230,0
DA:1232,0
DA:1233,0
DA:1234,0
DA:1238,0
DA:1239,0
DA:1240,0
DA:1241,0
DA:1242,0
DA:1252,0
DA:1253,0
DA:1254,0
DA:1255,0
DA:1256,0
DA:1257,0
DA:1258,0
DA:1259,0
DA:1266,0
DA:1267,0
DA:1269,0
DA:1270,0
DA:1275,1
DA:1276,0
DA:1277,0
DA:1278,0
DA:1279,0
DA:1280,0
DA:1283,0
DA:1286,1
DA:1287,1
DA:1288,1
DA:1289,1
DA:1290,1
DA:1291,1
DA:1292,1
DA:1296,1
DA:1299,1
DA:1300,0
DA:1302,0
DA:1303,0
DA:1304,0
DA:1305,0
DA:1310,0
DA:1311,0
DA:1316,0
DA:1319,0
DA:1321,0
DA:1322,0
DA:1323,0
DA:1324,0
DA:1374,0
DA:1375,0
DA:1377,0
DA:1379,0
DA:1381,0
DA:1382,0
DA:1384,0
DA:1385,0
DA:1401,0
DA:1402,0
DA:1404,0
DA:1415,0
DA:1417,0
DA:1419,0
DA:1428,0
DA:1429,0
DA:1432,0
DA:1682,1
DA:1683,0
DA:1684,0
DA:1685,0
DA:1686,0
DA:1688,0
DA:1689,0
DA:1690,0
DA:1693,0
DA:1696,0
DA:1697,0
DA:1698,0
DA:1700,0
DA:1705,1
DA:1706,0
DA:1805,1
DA:1807,2
DA:1808,2
DA:1809,2
DA:1810,2
DA:1812,2
DA:1813,2
DA:1814,4
DA:1815,2
DA:1816,2
DA:1817,2
DA:1819,2
DA:1820,1
DA:1821,5
DA:1823,1
DA:1824,2
DA:1826,2
DA:1827,2
DA:1833,1
DA:1834,4
DA:1835,4
DA:1836,4
DA:1838,4
DA:1839,11
DA:1840,7
DA:1841,7
DA:1843,11
DA:1844,11
DA:1846,4
DA:1847,7
DA:1858,1
DA:1859,0
DA:1860,0
DA:1862,0
DA:1863,0
DA:1864,0
DA:1866,0
DA:1871,1
DA:1872,0
DA:1873,0
DA:1875,0
DA:1877,0
DA:1878,0
DA:1879,0
DA:1882,0
DA:1885,0
DA:1887,0
DA:1889,1
DA:1890,0
DA:1891,0
DA:1892,0
DA:1895,0
DA:1896,0
DA:1900,0
DA:1903,1
DA:1904,0
DA:1905,0
DA:1906,0
DA:1908,0
DA:1914,1
DA:1915,0
DA:1916,0
DA:1917,0
DA:1919,0
DA:1927,1
DA:1928,0
DA:1929,0
DA:1930,0
DA:1932,0
DA:1934,0
DA:1937,1
DA:1938,0
DA:1939,0
DA:1940,0
DA:1943,0
DA:1944,0
DA:1945,0
DA:1946,0
DA:1948,0
DA:1951,0
DA:1952,0
DA:1954,0
DA:1956,0
DA:1957,0
DA:1958,0
DA:1960,0
DA:1965,1
DA:1966,0
DA:1968,1
DA:1969,0
DA:1976,1
DA:1977,0
DA:1978,0
DA:1979,0
DA:1980,0
DA:1991,0
DA:1997,1
DA:1998,0
DA:1999,0
DA:2000,0
DA:2001,0
DA:2002,0
DA:2003,0
DA:2005,0
DA:2006,0
DA:2007,0
DA:2009,0
DA:2010,0
DA:2012,0
DA:2013,0
DA:2014,0
DA:2015,0
DA:2017,0
DA:2024,0
DA:2025,0
DA:2027,0
DA:2029,0
DA:2030,0
DA:2031,0
DA:2033,0
DA:2036,0
DA:2040,1
DA:2043,0
DA:2044,0
DA:2045,0
DA:2046,0
DA:2047,0
DA:2048,0
DA:2050,0
DA:2053,0
DA:2054,0
DA:2055,0
DA:2057,0
DA:2058,0
DA:2059,0
DA:2060,0
DA:2061,0
DA:2063,0
DA:2064,0
DA:2065,0
DA:2066,0
DA:2067,0
DA:2070,0
DA:2071,0
DA:2072,0
DA:2073,0
DA:2075,0
DA:2076,0
DA:2077,0
DA:2079,0
DA:2080,0
DA:2082,0
DA:2089,0
DA:2090,0
DA:2092,0
DA:2093,0
DA:2099,0
DA:2102,0
DA:2103,0
DA:2106,0
DA:2111,1
DA:2112,0
DA:2123,0
DA:2124,0
DA:2126,0
DA:2130,1
DA:2131,0
DA:2133,1
DA:2134,2
DA:2135,2
DA:2136,2
DA:2138,1
DA:2139,0
DA:2141,0
DA:2143,1
DA:2144,0
DA:2146,1
DA:2147,0
DA:2148,0
DA:2149,0
DA:2150,0
DA:2152,1
DA:2153,0
DA:2154,0
DA:2155,0
DA:2157,0
DA:2159,1
DA:2160,0
DA:2161,0
DA:2162,0
DA:2164,0
DA:2166,1
DA:2167,0
DA:2168,0
DA:2169,0
DA:2171,0
DA:2174,0
DA:2175,0
DA:2176,0
DA:2178,0
DA:2184,0
DA:2186,1
DA:2187,0
DA:2188,0
DA:2189,0
DA:2191,0
DA:2197,0
DA:2199,1
DA:2200,0
DA:2201,0
DA:2202,0
DA:2208,0
DA:2209,0
DA:2210,0
DA:2212,0
DA:2214,0
DA:2215,0
DA:2219,0
DA:2221,1
DA:2222,0
DA:2224,1
DA:2225,0
DA:2227,1
DA:2228,0
DA:2229,0
DA:2230,0
DA:2231,0
DA:2232,0
DA:2235,1
DA:2236,0
DA:2237,0
DA:2239,0
DA:2240,0
DA:2241,0
DA:2242,0
DA:2245,1
DA:2246,0
DA:2248,1
DA:2249,0
DA:2250,0
DA:2251,0
DA:2252,0
DA:2253,0
DA:2254,0
DA:2256,0
DA:2258,0
DA:2261,0
DA:2263,1
DA:2264,1
DA:2266,1
DA:2268,1
DA:2269,1
DA:2271,1
DA:2273,1
DA:2274,2
DA:2275,2
DA:2282,1
DA:2283,4
DA:2284,4
DA:2285,4
DA:2286,4
DA:2287,4
DA:2288,4
DA:2289,4
DA:2290,4
DA:2291,4
DA:2292,4
DA:2293,2
DA:2295,4
DA:2296,2
DA:2297,2
DA:2298,1
DA:2300,2
DA:2302,2
DA:2303,1
DA:2305,1
DA:2312,1
DA:2313,1
DA:2314,1
DA:2315,1
DA:2316,1
DA:2317,1
DA:2327,1
DA:2328,3
DA:2329,3
DA:2330,1
DA:2331,1
DA:2332,1
DA:2334,2
DA:2335,2
DA:2336,2
DA:2337,1
DA:2338,1
DA:2344,1
LF:879
LH:298
BRDA:56,0,0,0
BRDA:56,0,1,0
BRDA:82,1,0,0
BRDA:82,1,1,0
BRDA:377,2,0,0
BRDA:377,2,1,0
BRDA:385,3,0,0
BRDA:385,3,1,0
BRDA:389,4,0,0
BRDA:389,4,1,0
BRDA:392,5,0,0
BRDA:392,5,1,0
BRDA:394,6,0,0
BRDA:394,6,1,0
BRDA:403,7,0,0
BRDA:403,7,1,0
BRDA:405,8,0,0
BRDA:405,8,1,0
BRDA:418,9,0,0
BRDA:418,9,1,0
BRDA:435,10,0,0
BRDA:435,10,1,0
BRDA:436,11,0,0
BRDA:436,11,1,0
BRDA:442,12,0,0
BRDA:442,12,1,0
BRDA:443,13,0,0
BRDA:443,13,1,0
BRDA:443,14,0,0
BRDA:443,14,1,0
BRDA:443,14,2,0
BRDA:443,14,3,0
BRDA:443,14,4,0
BRDA:462,15,0,0
BRDA:462,15,1,0
BRDA:462,16,0,0
BRDA:462,16,1,0
BRDA:462,16,2,0
BRDA:467,17,0,0
BRDA:467,17,1,0
BRDA:467,18,0,0
BRDA:467,18,1,0
BRDA:478,19,0,0
BRDA:478,19,1,0
BRDA:485,20,0,0
BRDA:485,20,1,0
BRDA:487,21,0,0
BRDA:487,21,1,0
BRDA:490,22,0,0
BRDA:490,22,1,0
BRDA:494,23,0,0
BRDA:494,23,1,0
BRDA:494,24,0,0
BRDA:494,24,1,0
BRDA:500,25,0,0
BRDA:500,25,1,0
BRDA:512,26,0,0
BRDA:512,26,1,0
BRDA:513,27,0,0
BRDA:513,27,1,0
BRDA:515,28,0,0
BRDA:515,28,1,0
BRDA:529,29,0,1
BRDA:529,29,1,1
BRDA:551,30,0,1
BRDA:551,30,1,0
BRDA:559,31,0,0
BRDA:559,31,1,0
BRDA:561,32,0,0
BRDA:561,32,1,0
BRDA:561,33,0,0
BRDA:561,33,1,0
BRDA:562,34,0,0
BRDA:562,34,1,0
BRDA:563,35,0,0
BRDA:563,35,1,0
BRDA:578,36,0,1
BRDA:578,36,1,0
BRDA:582,37,0,3
BRDA:582,37,1,0
BRDA:586,38,0,1
BRDA:586,38,1,5
BRDA:596,39,0,0
BRDA:598,40,0,0
BRDA:598,40,1,1
BRDA:598,41,0,1
BRDA:598,41,1,1
BRDA:598,41,2,1
BRDA:608,42,0,4
BRDA:608,42,1,1
BRDA:610,43,0,1
BRDA:610,43,1,0
BRDA:627,44,0,0
BRDA:628,45,0,1
BRDA:628,45,1,1
BRDA:630,46,0,1
BRDA:630,46,1,0
BRDA:637,47,0,0
BRDA:637,47,1,2
BRDA:642,48,0,0
BRDA:642,48,1,2
BRDA:642,49,0,2
BRDA:642,49,1,2
BRDA:642,49,2,2
BRDA:642,49,3,1
BRDA:642,49,4,2
BRDA:642,49,5,1
BRDA:649,50,0,0
BRDA:649,50,1,4
BRDA:649,51,0,4
BRDA:649,51,1,4
BRDA:661,52,0,8
BRDA:661,52,1,2
BRDA:684,53,0,4
BRDA:684,53,1,6
BRDA:709,54,0,4
BRDA:709,54,1,8
BRDA:709,55,0,12
BRDA:709,55,1,8
BRDA:715,56,0,12
BRDA:715,56,1,12
BRDA:759,57,0,1
BRDA:759,57,1,0
BRDA:792,58,0,0
BRDA:792,58,1,0
BRDA:805,59,0,0
BRDA:805,59,1,0
BRDA:809,60,0,0
BRDA:809,60,1,0
BRDA:813,61,0,0
BRDA:813,61,1,0
BRDA:815,62,0,0
BRDA:815,62,1,0
BRDA:815,63,0,0
BRDA:815,63,1,0
BRDA:815,63,2,0
BRDA:821,64,0,0
BRDA:821,64,1,0
BRDA:830,65,0,0
BRDA:830,65,1,0
BRDA:830,65,2,0
BRDA:837,66,0,0
BRDA:837,66,1,0
BRDA:837,67,0,0
BRDA:837,67,1,0
BRDA:837,67,2,0
BRDA:844,68,0,0
BRDA:844,68,1,0
BRDA:854,69,0,0
BRDA:854,69,1,0
BRDA:854,70,0,0
BRDA:854,70,1,0
BRDA:854,70,2,0
BRDA:854,70,3,0
BRDA:854,70,4,0
BRDA:859,71,0,0
BRDA:859,71,1,0
BRDA:859,72,0,0
BRDA:859,72,1,0
BRDA:873,73,0,0
BRDA:873,73,1,0
BRDA:874,74,0,0
BRDA:874,74,1,0
BRDA:875,75,0,0
BRDA:875,75,1,0
BRDA:882,76,0,0
BRDA:882,76,1,0
BRDA:892,77,0,0
BRDA:892,77,1,0
BRDA:898,78,0,0
BRDA:898,78,1,0
BRDA:943,79,0,0
BRDA:943,79,1,0
BRDA:945,80,0,0
BRDA:945,80,1,0
BRDA:945,81,0,0
BRDA:945,81,1,0
BRDA:966,82,0,0
BRDA:966,82,1,0
BRDA:966,83,0,0
BRDA:966,83,1,0
BRDA:966,83,2,0
BRDA:973,84,0,0
BRDA:973,84,1,0
BRDA:987,85,0,0
BRDA:987,85,1,0
BRDA:987,86,0,0
BRDA:987,86,1,0
BRDA:1003,87,0,0
BRDA:1003,87,1,0
BRDA:1017,88,0,0
BRDA:1017,88,1,0
BRDA:1023,89,0,0
BRDA:1023,89,1,0
BRDA:1023,90,0,0
BRDA:1023,90,1,0
BRDA:1030,91,0,0
BRDA:1030,91,1,0
BRDA:1030,92,0,0
BRDA:1030,92,1,0
BRDA:1036,93,0,0
BRDA:1036,93,1,0
BRDA:1046,94,0,0
BRDA:1046,94,1,0
BRDA:1046,95,0,0
BRDA:1046,95,1,0
BRDA:1059,96,0,0
BRDA:1059,96,1,0
BRDA:1059,97,0,0
BRDA:1059,97,1,0
BRDA:1068,98,0,0
BRDA:1068,98,1,0
BRDA:1077,99,0,0
BRDA:1077,99,1,0
BRDA:1077,100,0,0
BRDA:1077,100,1,0
BRDA:1082,101,0,0
BRDA:1082,101,1,0
BRDA:1084,102,0,0
BRDA:1084,102,1,0
BRDA:1092,103,0,0
BRDA:1092,103,1,0
BRDA:1124,104,0,0
BRDA:1124,104,1,0
BRDA:1128,105,0,0
BRDA:1128,105,1,0
BRDA:1133,106,0,0
BRDA:1133,106,1,0
BRDA:1136,107,0,0
BRDA:1136,107,1,0
BRDA:1143,108,0,0
BRDA:1143,108,1,0
BRDA:1159,109,0,0
BRDA:1159,109,1,0
BRDA:1162,110,0,0
BRDA:1162,110,1,0
BRDA:1164,111,0,0
BRDA:1164,111,1,0
BRDA:1166,112,0,0
BRDA:1166,112,1,0
BRDA:1179,113,0,0
BRDA:1179,113,1,0
BRDA:1179,114,0,0
BRDA:1179,114,1,0
BRDA:1182,115,0,0
BRDA:1182,115,1,0
BRDA:1195,116,0,0
BRDA:1195,116,1,0
BRDA:1196,117,0,0
BRDA:1196,117,1,0
BRDA:1199,118,0,0
BRDA:1199,118,1,0
BRDA:1216,119,0,0
BRDA:1216,119,1,0
BRDA:1232,120,0,0
BRDA:1232,120,1,0
BRDA:1232,121,0,0
BRDA:1232,121,1,0
BRDA:1239,122,0,0
BRDA:1239,122,1,0
BRDA:1241,123,0,0
BRDA:1241,123,1,0
BRDA:1252,124,0,0
BRDA:1252,124,1,0
BRDA:1254,125,0,0
BRDA:1254,125,1,0
BRDA:1256,126,0,0
BRDA:1256,126,1,0
BRDA:1258,127,0,0
BRDA:1258,127,1,0
BRDA:1259,128,0,0
BRDA:1259,128,1,0
BRDA:1269,129,0,0
BRDA:1269,129,1,0
BRDA:1269,130,0,0
BRDA:1269,130,1,0
BRDA:1277,131,0,0
BRDA:1277,131,1,0
BRDA:1280,132,0,0
BRDA:1280,132,1,0
BRDA:1280,132,2,0
BRDA:1289,133,0,1
BRDA:1289,133,1,0
BRDA:1291,134,0,1
BRDA:1291,134,1,0
BRDA:1302,135,0,0
BRDA:1302,135,1,0
BRDA:1304,136,0,0
BRDA:1304,136,1,0
BRDA:1310,137,0,0
BRDA:1310,137,1,0
BRDA:1319,138,0,0
BRDA:1319,138,1,0
BRDA:1321,139,0,0
BRDA:1321,139,1,0
BRDA:1323,140,0,0
BRDA:1323,140,1,0
BRDA:1374,141,0,0
BRDA:1374,141,1,0
BRDA:1375,142,0,0
BRDA:1375,142,1,0
BRDA:1375,143,0,0
BRDA:1375,143,1,0
BRDA:1379,144,0,0
BRDA:1379,144,1,0
BRDA:1379,145,0,0
BRDA:1379,145,1,0
BRDA:1384,146,0,0
BRDA:1384,146,1,0
BRDA:1384,147,0,0
BRDA:1384,147,1,0
BRDA:1401,148,0,0
BRDA:1401,148,1,0
BRDA:1417,149,0,0
BRDA:1417,149,1,0
BRDA:1428,150,0,0
BRDA:1428,150,1,0
BRDA:1428,151,0,0
BRDA:1428,151,1,0
BRDA:1688,152,0,0
BRDA:1688,152,1,0
BRDA:1688,153,0,0
BRDA:1688,153,1,0
BRDA:1697,154,0,0
BRDA:1697,154,1,0
BRDA:1808,155,0,2
BRDA:1808,155,1,0
BRDA:1808,156,0,2
BRDA:1808,156,1,2
BRDA:1817,157,0,2
BRDA:1817,157,1,2
BRDA:1819,158,0,1
BRDA:1819,158,1,1
BRDA:1819,159,0,2
BRDA:1819,159,1,1
BRDA:1821,160,0,5
BRDA:1821,160,1,0
BRDA:1839,161,0,7
BRDA:1839,161,1,4
BRDA:1862,162,0,0
BRDA:1862,162,1,0
BRDA:1863,163,0,0
BRDA:1863,163,1,0
BRDA:1872,164,0,0
BRDA:1872,164,1,0
BRDA:1877,165,0,0
BRDA:1877,165,1,0
BRDA:1878,166,0,0
BRDA:1878,166,1,0
BRDA:1890,167,0,0
BRDA:1890,167,1,0
BRDA:1891,168,0,0
BRDA:1891,168,1,0
BRDA:1891,169,0,0
BRDA:1891,169,1,0
BRDA:1895,170,0,0
BRDA:1895,170,1,0
BRDA:1895,171,0,0
BRDA:1895,171,1,0
BRDA:1895,171,2,0
BRDA:1905,172,0,0
BRDA:1905,172,1,0
BRDA:1929,173,0,0
BRDA:1929,173,1,0
BRDA:1929,174,0,0
BRDA:1929,174,1,0
BRDA:1930,175,0,0
BRDA:1930,175,1,0
BRDA:1944,176,0,0
BRDA:1944,176,1,0
BRDA:1944,177,0,0
BRDA:1944,177,1,0
BRDA:1956,178,0,0
BRDA:1956,178,1,0
BRDA:1956,179,0,0
BRDA:1956,179,1,0
BRDA:1997,180,0,0
BRDA:1999,181,0,0
BRDA:1999,181,1,0
BRDA:1999,182,0,0
BRDA:1999,182,1,0
BRDA:2009,183,0,0
BRDA:2009,183,1,0
BRDA:2014,184,0,0
BRDA:2014,184,1,0
BRDA:2018,185,0,0
BRDA:2018,185,1,0
BRDA:2029,186,0,0
BRDA:2029,186,1,0
BRDA:2029,187,0,0
BRDA:2029,187,1,0
BRDA:2029,187,2,0
BRDA:2031,188,0,0
BRDA:2031,188,1,0
BRDA:2047,189,0,0
BRDA:2047,189,1,0
BRDA:2059,190,0,0
BRDA:2059,190,1,0
BRDA:2061,191,0,0
BRDA:2061,191,1,0
BRDA:2070,192,0,0
BRDA:2070,192,1,0
BRDA:2070,192,2,0
BRDA:2075,193,0,0
BRDA:2075,193,1,0
BRDA:2079,194,0,0
BRDA:2079,194,1,0
BRDA:2089,195,0,0
BRDA:2089,195,1,0
BRDA:2092,196,0,0
BRDA:2092,196,1,0
BRDA:2102,197,0,0
BRDA:2102,197,1,0
BRDA:2123,198,0,0
BRDA:2123,198,1,0
BRDA:2136,199,0,2
BRDA:2136,199,1,2
BRDA:2141,200,0,0
BRDA:2141,200,1,0
BRDA:2150,201,0,0
BRDA:2150,201,1,0
BRDA:2157,202,0,0
BRDA:2157,202,1,0
BRDA:2164,203,0,0
BRDA:2164,203,1,0
BRDA:2228,204,0,0
BRDA:2228,204,1,0
BRDA:2231,205,0,0
BRDA:2231,205,1,0
BRDA:2236,206,0,0
BRDA:2236,206,1,0
BRDA:2241,207,0,0
BRDA:2241,207,1,0
BRDA:2252,208,0,0
BRDA:2252,208,1,0
BRDA:2258,209,0,0
BRDA:2258,209,1,0
BRDA:2266,210,0,1
BRDA:2266,210,1,1
BRDA:2271,211,0,1
BRDA:2271,211,1,1
BRDA:2275,212,0,2
BRDA:2275,212,1,2
BRDA:2284,213,0,4
BRDA:2284,213,1,0
BRDA:2290,214,0,4
BRDA:2290,214,1,0
BRDA:2292,215,0,4
BRDA:2292,215,1,0
BRDA:2295,216,0,2
BRDA:2295,216,1,2
BRDA:2297,217,0,1
BRDA:2297,217,1,1
BRDA:2302,218,0,1
BRDA:2302,218,1,1
BRDA:2313,219,0,1
BRDA:2313,219,1,0
BRDA:2315,220,0,1
BRDA:2315,220,1,0
BRDA:2316,221,0,1
BRDA:2316,221,1,0
BRDA:2329,222,0,1
BRDA:2329,222,1,2
BRDA:2331,223,0,1
BRDA:2331,223,1,0
BRDA:2334,224,0,2
BRDA:2334,224,1,0
BRDA:2336,225,0,1
BRDA:2336,225,1,1
BRF:469
BRH:79
end_of_record
TN:
SF:client/src/apps/player/widget/HorizontalBoxWidget.js
FN:11,(anonymous_0)
FN:86,(anonymous_1)
FN:90,(anonymous_2)
FN:99,(anonymous_3)
FN:105,(anonymous_4)
FN:118,(anonymous_5)
FN:123,(anonymous_6)
FN:140,(anonymous_7)
FN:157,(anonymous_8)
FN:164,(anonymous_9)
FN:174,(anonymous_10)
FN:181,(anonymous_11)
FN:188,(anonymous_12)
FN:195,(anonymous_13)
FNF:14
FNH:3
FNDA:1,(anonymous_0)
FNDA:1,(anonymous_1)
FNDA:0,(anonymous_2)
FNDA:0,(anonymous_3)
FNDA:0,(anonymous_4)
FNDA:0,(anonymous_5)
FNDA:0,(anonymous_6)
FNDA:0,(anonymous_7)
FNDA:0,(anonymous_8)
FNDA:0,(anonymous_9)
FNDA:0,(anonymous_10)
FNDA:0,(anonymous_11)
FNDA:0,(anonymous_12)
FNDA:1,(anonymous_13)
DA:2,1
DA:14,1
DA:86,1
DA:87,1
DA:90,1
DA:91,0
DA:92,0
DA:93,0
DA:95,0
DA:99,1
DA:100,0
DA:102,0
DA:105,1
DA:106,0
DA:107,0
DA:108,0
DA:109,0
DA:111,0
DA:112,0
DA:119,0
DA:120,0
DA:121,0
DA:123,0
DA:124,0
DA:130,0
DA:134,0
DA:136,0
DA:140,1
DA:141,0
DA:142,0
DA:143,0
DA:145,0
DA:146,0
DA:147,0
DA:152,0
DA:157,1
DA:158,0
DA:159,0
DA:161,0
DA:164,1
DA:165,0
DA:166,0
DA:167,0
DA:168,0
DA:169,0
DA:174,1
DA:175,0
DA:176,0
DA:177,0
DA:181,1
DA:182,0
DA:183,0
DA:184,0
DA:188,1
DA:189,0
DA:191,0
DA:195,1
DA:196,1
DA:199,1
LF:59
LH:16
BRDA:92,0,0,0
BRDA:92,0,1,0
BRDA:106,1,0,0
BRDA:106,1,1,0
BRDA:111,2,0,0
BRDA:111,2,1,0
BRDA:111,3,0,0
BRDA:111,3,1,0
BRDA:111,3,2,0
BRDA:111,3,3,0
BRDA:142,4,0,0
BRDA:142,4,1,0
BRDA:146,5,0,0
BRDA:146,5,1,0
BRDA:166,6,0,0
BRDA:166,6,1,0
BRDA:168,7,0,0
BRDA:168,7,1,0
BRDA:176,8,0,0
BRDA:176,8,1,0
BRDA:183,9,0,0
BRDA:183,9,1,0
BRF:22
BRH:0
end_of_record
TN:
SF:client/src/apps/player/widget/SplitterWidget.js
FN:11,(anonymous_0)
FN:60,(anonymous_1)
FN:64,(anonymous_2)
FN:72,(anonymous_3)
FN:84,(anonymous_4)
FN:89,(anonymous_5)
FN:104,(anonymous_6)
FN:118,(anonymous_7)
FN:125,(anonymous_8)
FN:131,(anonymous_9)
FN:138,(anonymous_10)
FN:145,(anonymous_11)
FNF:12
FNH:12
FNDA:1,(anonymous_0)
FNDA:10,(anonymous_1)
FNDA:1,(anonymous_2)
FNDA:2,(anonymous_3)
FNDA:1,(anonymous_4)
FNDA:1,(anonymous_5)
FNDA:2,(anonymous_6)
FNDA:1,(anonymous_7)
FNDA:1,(anonymous_8)
FNDA:1,(anonymous_9)
FNDA:1,(anonymous_10)
FNDA:1,(anonymous_11)
DA:2,1
DA:14,1
DA:60,1
DA:61,10
DA:64,1
DA:65,1
DA:66,1
DA:67,1
DA:68,1
DA:72,1
DA:73,2
DA:74,2
DA:75,2
DA:77,2
DA:78,1
DA:84,1
DA:85,1
DA:86,1
DA:87,1
DA:89,1
DA:90,1
DA:96,1
DA:99,1
DA:104,1
DA:105,2
DA:106,2
DA:107,2
DA:108,2
DA:109,6
DA:110,5
DA:115,2
DA:118,1
DA:119,1
DA:120,1
DA:122,1
DA:125,1
DA:126,1
DA:128,1
DA:131,1
DA:132,1
DA:133,1
DA:134,1
DA:138,1
DA:139,1
DA:140,1
DA:141,1
DA:145,1
DA:146,1
DA:147,1
DA:148,1
DA:152,1
LF:51
LH:51
BRDA:66,0,0,1
BRDA:66,0,1,0
BRDA:73,1,0,2
BRDA:73,1,1,0
BRDA:77,2,0,1
BRDA:77,2,1,1
BRDA:77,3,0,2
BRDA:77,3,1,2
BRDA:84,4,0,1
BRDA:84,4,1,0
BRDA:106,5,0,2
BRDA:106,5,1,0
BRDA:109,6,0,5
BRDA:109,6,1,1
BRDA:133,7,0,1
BRDA:133,7,1,0
BRDA:140,8,0,1
BRDA:140,8,1,0
BRDA:147,9,0,1
BRDA:147,9,1,0
BRF:20
BRH:13
end_of_record
TN:
SF:client/src/apps/player/widget/help/Metadata.js
FN:4,(anonymous_0)
FN:25,(anonymous_1)
FN:27,(anonymous_2)
FN:32,(anonymous_3)
FNF:4
FNH:1
FNDA:1,(anonymous_0)
FNDA:0,(anonymous_1)
FNDA:0,(anonymous_2)
FNDA:0,(anonymous_3)
DA:1,1
DA:7,1
DA:28,0
DA:29,0
DA:33,0
LF:5
LH:2
BRDA:29,0,0,0
BRDA:29,0,1,0
BRF:2
BRH:0
end_of_record
